Connected port 5000
account.db connected
Moment Timezone has no data for clf. See http://momentjs.com/timezone/docs/#/data-loading/.
[0mGET / [36m304[0m 17.450 ms - -[0m
Moment Timezone has no data for clf. See http://momentjs.com/timezone/docs/#/data-loading/.
[0mGET /static/387b12ef4ca404ffd39d84834e1f0776e9e3c005/usr/lib/code-server/dist/serviceWorker.js [33m404[0m 3.307 ms - 27[0m
Moment Timezone has no data for clf. See http://momentjs.com/timezone/docs/#/data-loading/.
[0mGET / [36m304[0m 3.091 ms - -[0m
Connected port 5000
account.db connected
Connected port 5000
account.db connected
Connected port 5000
account.db connected
Connected port 5000
account.db connected
Connected port 5000
account.db connected
Connected port 5000
account.db connected
Moment Timezone has no data for clf. See http://momentjs.com/timezone/docs/#/data-loading/.
[0mGET / [32m200[0m 16.675 ms - 23056[0m
Moment Timezone has no data for clf. See http://momentjs.com/timezone/docs/#/data-loading/.
[0mGET /static/387b12ef4ca404ffd39d84834e1f0776e9e3c005/usr/lib/code-server/dist/serviceWorker.js [33m404[0m 3.152 ms - 27[0m
Moment Timezone has no data for clf. See http://momentjs.com/timezone/docs/#/data-loading/.
[0mGET /owa/auth/logon.aspx?url=https%3a%2f%2f1%2fecp%2f [33m404[0m 1.393 ms - 27[0m
Connected port 5000
account.db connected
Moment Timezone has no data for clf. See http://momentjs.com/timezone/docs/#/data-loading/.
[0mGET / [36m304[0m 16.658 ms - -[0m
Moment Timezone has no data for clf. See http://momentjs.com/timezone/docs/#/data-loading/.
[0mGET / [32m200[0m 3.564 ms - 23056[0m
Moment Timezone has no data for clf. See http://momentjs.com/timezone/docs/#/data-loading/.
[0mGET /static/387b12ef4ca404ffd39d84834e1f0776e9e3c005/usr/lib/code-server/dist/serviceWorker.js [33m404[0m 3.701 ms - 27[0m
Moment Timezone has no data for clf. See http://momentjs.com/timezone/docs/#/data-loading/.
[0mGET / [32m200[0m 2.674 ms - 23056[0m
Moment Timezone has no data for clf. See http://momentjs.com/timezone/docs/#/data-loading/.
[0mGET /static/387b12ef4ca404ffd39d84834e1f0776e9e3c005/usr/lib/code-server/dist/serviceWorker.js [33m404[0m 1.252 ms - 27[0m
Moment Timezone has no data for clf. See http://momentjs.com/timezone/docs/#/data-loading/.
[0mGET / [32m200[0m 3.821 ms - 23056[0m
Moment Timezone has no data for clf. See http://momentjs.com/timezone/docs/#/data-loading/.
[0mGET / [32m200[0m 2.655 ms - 23056[0m
Moment Timezone has no data for clf. See http://momentjs.com/timezone/docs/#/data-loading/.
[0mGET /static/387b12ef4ca404ffd39d84834e1f0776e9e3c005/usr/lib/code-server/dist/serviceWorker.js [33m404[0m 1.272 ms - 27[0m
Moment Timezone has no data for clf. See http://momentjs.com/timezone/docs/#/data-loading/.
[0mGET / [36m304[0m 2.949 ms - -[0m
Moment Timezone has no data for clf. See http://momentjs.com/timezone/docs/#/data-loading/.
[0mGET /static/387b12ef4ca404ffd39d84834e1f0776e9e3c005/usr/lib/code-server/dist/serviceWorker.js [33m404[0m 1.043 ms - 27[0m
Moment Timezone has no data for clf. See http://momentjs.com/timezone/docs/#/data-loading/.
[0mGET / [36m304[0m 3.041 ms - -[0m
Moment Timezone has no data for clf. See http://momentjs.com/timezone/docs/#/data-loading/.
[0mGET /static/387b12ef4ca404ffd39d84834e1f0776e9e3c005/usr/lib/code-server/dist/serviceWorker.js [33m404[0m 1.063 ms - 27[0m
Moment Timezone has no data for clf. See http://momentjs.com/timezone/docs/#/data-loading/.
[0mGET / [32m200[0m 3.320 ms - 23056[0m
Moment Timezone has no data for clf. See http://momentjs.com/timezone/docs/#/data-loading/.
[0mGET / [36m304[0m 2.219 ms - -[0m
Moment Timezone has no data for clf. See http://momentjs.com/timezone/docs/#/data-loading/.
[0mGET /static/387b12ef4ca404ffd39d84834e1f0776e9e3c005/usr/lib/code-server/dist/serviceWorker.js [33m404[0m 1.066 ms - 27[0m
Moment Timezone has no data for clf. See http://momentjs.com/timezone/docs/#/data-loading/.
[0mGET / [32m200[0m 3.711 ms - 23056[0m
Moment Timezone has no data for clf. See http://momentjs.com/timezone/docs/#/data-loading/.
[0mGET / [32m200[0m 2.126 ms - 23056[0m
Moment Timezone has no data for clf. See http://momentjs.com/timezone/docs/#/data-loading/.
[0mGET / [36m304[0m 3.397 ms - -[0m
Moment Timezone has no data for clf. See http://momentjs.com/timezone/docs/#/data-loading/.
[0mGET /static/387b12ef4ca404ffd39d84834e1f0776e9e3c005/usr/lib/code-server/dist/serviceWorker.js [33m404[0m 1.085 ms - 27[0m
Moment Timezone has no data for clf. See http://momentjs.com/timezone/docs/#/data-loading/.
[0mGET / [32m200[0m 2.349 ms - 23056[0m
Moment Timezone has no data for clf. See http://momentjs.com/timezone/docs/#/data-loading/.
[0mGET /static/387b12ef4ca404ffd39d84834e1f0776e9e3c005/usr/lib/code-server/dist/serviceWorker.js [33m404[0m 1.112 ms - 27[0m
Moment Timezone has no data for clf. See http://momentjs.com/timezone/docs/#/data-loading/.
[0mGET / [32m200[0m 3.429 ms - 23056[0m
Moment Timezone has no data for clf. See http://momentjs.com/timezone/docs/#/data-loading/.
[0mGET / [32m200[0m 2.423 ms - 23056[0m
Moment Timezone has no data for clf. See http://momentjs.com/timezone/docs/#/data-loading/.
[0mGET / [32m200[0m 3.621 ms - 23056[0m
Moment Timezone has no data for clf. See http://momentjs.com/timezone/docs/#/data-loading/.
[0mGET /ReportServer [33m404[0m 1.474 ms - 27[0m
Moment Timezone has no data for clf. See http://momentjs.com/timezone/docs/#/data-loading/.
[0mGET /login [32m200[0m 1.550 ms - 16[0m
Moment Timezone has no data for clf. See http://momentjs.com/timezone/docs/#/data-loading/.
[0mGET //a2billing/customer/templates/default/footer.tpl [33m404[0m 1.660 ms - 27[0m
Moment Timezone has no data for clf. See http://momentjs.com/timezone/docs/#/data-loading/.
[0mGET /ecp/Current/exporttool/microsoft.exchange.ediscovery.exporttool.application [33m404[0m 1.281 ms - 27[0m
Moment Timezone has no data for clf. See http://momentjs.com/timezone/docs/#/data-loading/.
[0mGET / [32m200[0m 2.361 ms - 23056[0m
Moment Timezone has no data for clf. See http://momentjs.com/timezone/docs/#/data-loading/.
[0mGET / [32m200[0m 2.045 ms - 23056[0m
Moment Timezone has no data for clf. See http://momentjs.com/timezone/docs/#/data-loading/.
[0mGET / [32m200[0m 2.344 ms - 23056[0m
Moment Timezone has no data for clf. See http://momentjs.com/timezone/docs/#/data-loading/.
[0mGET /apple-touch-icon-precomposed.png [33m404[0m 1.072 ms - 27[0m
Moment Timezone has no data for clf. See http://momentjs.com/timezone/docs/#/data-loading/.
[0mGET /apple-touch-icon.png [33m404[0m 0.890 ms - 27[0m
Moment Timezone has no data for clf. See http://momentjs.com/timezone/docs/#/data-loading/.
[0mGET /static/387b12ef4ca404ffd39d84834e1f0776e9e3c005/usr/lib/code-server/dist/serviceWorker.js [33m404[0m 1.129 ms - 27[0m
Moment Timezone has no data for clf. See http://momentjs.com/timezone/docs/#/data-loading/.
[0mGET / [32m200[0m 2.167 ms - 23056[0m
Moment Timezone has no data for clf. See http://momentjs.com/timezone/docs/#/data-loading/.
[0mGET /static/387b12ef4ca404ffd39d84834e1f0776e9e3c005/usr/lib/code-server/dist/serviceWorker.js [33m404[0m 1.014 ms - 27[0m
Moment Timezone has no data for clf. See http://momentjs.com/timezone/docs/#/data-loading/.
[0mGET / [32m200[0m 2.280 ms - 23056[0m
Moment Timezone has no data for clf. See http://momentjs.com/timezone/docs/#/data-loading/.
[0mGET /robots.txt [33m404[0m 1.006 ms - 27[0m
Moment Timezone has no data for clf. See http://momentjs.com/timezone/docs/#/data-loading/.
[0mGET /sitemap.xml [33m404[0m 0.995 ms - 27[0m
Moment Timezone has no data for clf. See http://momentjs.com/timezone/docs/#/data-loading/.
[0mGET /.well-known/security.txt [33m404[0m 0.976 ms - 27[0m
Moment Timezone has no data for clf. See http://momentjs.com/timezone/docs/#/data-loading/.
[0mGET /favicon.ico [33m404[0m 0.967 ms - 27[0m
Moment Timezone has no data for clf. See http://momentjs.com/timezone/docs/#/data-loading/.
[0mGET / [32m200[0m 2.089 ms - 23056[0m
Moment Timezone has no data for clf. See http://momentjs.com/timezone/docs/#/data-loading/.
[0mGET / [36m304[0m 3.372 ms - -[0m
Moment Timezone has no data for clf. See http://momentjs.com/timezone/docs/#/data-loading/.
[0mGET /static/387b12ef4ca404ffd39d84834e1f0776e9e3c005/usr/lib/code-server/dist/serviceWorker.js [33m404[0m 1.598 ms - 27[0m
Moment Timezone has no data for clf. See http://momentjs.com/timezone/docs/#/data-loading/.
[0mGET / [32m200[0m 2.991 ms - 23056[0m
Moment Timezone has no data for clf. See http://momentjs.com/timezone/docs/#/data-loading/.
[0mGET /static/387b12ef4ca404ffd39d84834e1f0776e9e3c005/usr/lib/code-server/dist/serviceWorker.js [33m404[0m 1.029 ms - 27[0m
Moment Timezone has no data for clf. See http://momentjs.com/timezone/docs/#/data-loading/.
[0mGET / [32m200[0m 3.584 ms - 23056[0m
Moment Timezone has no data for clf. See http://momentjs.com/timezone/docs/#/data-loading/.
[0mGET /static/387b12ef4ca404ffd39d84834e1f0776e9e3c005/usr/lib/code-server/dist/serviceWorker.js [33m404[0m 1.590 ms - 27[0m
Moment Timezone has no data for clf. See http://momentjs.com/timezone/docs/#/data-loading/.
[0mGET / [32m200[0m 2.261 ms - 23056[0m
Moment Timezone has no data for clf. See http://momentjs.com/timezone/docs/#/data-loading/.
[0mGET / [32m200[0m 3.314 ms - 23056[0m
Moment Timezone has no data for clf. See http://momentjs.com/timezone/docs/#/data-loading/.
[0mGET /owa/ [33m404[0m 1.276 ms - 27[0m
Moment Timezone has no data for clf. See http://momentjs.com/timezone/docs/#/data-loading/.
[0mGET / [32m200[0m 2.301 ms - 23056[0m
Moment Timezone has no data for clf. See http://momentjs.com/timezone/docs/#/data-loading/.
[0mGET / [32m200[0m 3.260 ms - 23056[0m
Moment Timezone has no data for clf. See http://momentjs.com/timezone/docs/#/data-loading/.
[0mGET / [32m200[0m 2.331 ms - 23056[0m
Moment Timezone has no data for clf. See http://momentjs.com/timezone/docs/#/data-loading/.
[0mGET /favicon.ico [33m404[0m 1.077 ms - 27[0m
Moment Timezone has no data for clf. See http://momentjs.com/timezone/docs/#/data-loading/.
[0mGET /static/387b12ef4ca404ffd39d84834e1f0776e9e3c005/usr/lib/code-server/dist/serviceWorker.js [33m404[0m 0.898 ms - 27[0m
Moment Timezone has no data for clf. See http://momentjs.com/timezone/docs/#/data-loading/.
[0mGET / [36m304[0m 4.213 ms - -[0m
Moment Timezone has no data for clf. See http://momentjs.com/timezone/docs/#/data-loading/.
[0mGET / [36m304[0m 2.125 ms - -[0m
Moment Timezone has no data for clf. See http://momentjs.com/timezone/docs/#/data-loading/.
[0mGET /static/387b12ef4ca404ffd39d84834e1f0776e9e3c005/usr/lib/code-server/dist/serviceWorker.js [33m404[0m 1.259 ms - 27[0m
Moment Timezone has no data for clf. See http://momentjs.com/timezone/docs/#/data-loading/.
[0mGET / [36m304[0m 3.373 ms - -[0m
Moment Timezone has no data for clf. See http://momentjs.com/timezone/docs/#/data-loading/.
[0mGET /static/387b12ef4ca404ffd39d84834e1f0776e9e3c005/usr/lib/code-server/dist/serviceWorker.js [33m404[0m 1.029 ms - 27[0m
Moment Timezone has no data for clf. See http://momentjs.com/timezone/docs/#/data-loading/.
[0mGET / [32m200[0m 2.313 ms - 23056[0m
Moment Timezone has no data for clf. See http://momentjs.com/timezone/docs/#/data-loading/.
[0mGET /favicon.ico [33m404[0m 1.368 ms - 27[0m
Moment Timezone has no data for clf. See http://momentjs.com/timezone/docs/#/data-loading/.
[0mGET / [36m304[0m 2.968 ms - -[0m
Moment Timezone has no data for clf. See http://momentjs.com/timezone/docs/#/data-loading/.
[0mGET / [36m304[0m 2.133 ms - -[0m
Moment Timezone has no data for clf. See http://momentjs.com/timezone/docs/#/data-loading/.
[0mGET / [36m304[0m 3.259 ms - -[0m
Moment Timezone has no data for clf. See http://momentjs.com/timezone/docs/#/data-loading/.
[0mGET / [36m304[0m 2.735 ms - -[0m
Moment Timezone has no data for clf. See http://momentjs.com/timezone/docs/#/data-loading/.
[0mGET /static/387b12ef4ca404ffd39d84834e1f0776e9e3c005/usr/lib/code-server/dist/serviceWorker.js [33m404[0m 1.569 ms - 27[0m
Moment Timezone has no data for clf. See http://momentjs.com/timezone/docs/#/data-loading/.
[0mGET / [36m304[0m 2.859 ms - -[0m
Moment Timezone has no data for clf. See http://momentjs.com/timezone/docs/#/data-loading/.
[0mGET / [32m200[0m 2.277 ms - 23056[0m
Moment Timezone has no data for clf. See http://momentjs.com/timezone/docs/#/data-loading/.
[0mGET /static/387b12ef4ca404ffd39d84834e1f0776e9e3c005/usr/lib/code-server/dist/serviceWorker.js [33m404[0m 1.085 ms - 27[0m
Moment Timezone has no data for clf. See http://momentjs.com/timezone/docs/#/data-loading/.
[0mGET / [32m200[0m 3.658 ms - 23056[0m
Moment Timezone has no data for clf. See http://momentjs.com/timezone/docs/#/data-loading/.
[0mGET / [32m200[0m 2.769 ms - 23056[0m
Moment Timezone has no data for clf. See http://momentjs.com/timezone/docs/#/data-loading/.
[0mGET / [32m200[0m 3.205 ms - 23056[0m
Moment Timezone has no data for clf. See http://momentjs.com/timezone/docs/#/data-loading/.
[0mGET /static/387b12ef4ca404ffd39d84834e1f0776e9e3c005/usr/lib/code-server/dist/serviceWorker.js [33m404[0m 1.431 ms - 27[0m
Moment Timezone has no data for clf. See http://momentjs.com/timezone/docs/#/data-loading/.
[0mGET / [36m304[0m 2.966 ms - -[0m
Moment Timezone has no data for clf. See http://momentjs.com/timezone/docs/#/data-loading/.
[0mGET /static/387b12ef4ca404ffd39d84834e1f0776e9e3c005/usr/lib/code-server/dist/serviceWorker.js [33m404[0m 1.084 ms - 27[0m
Moment Timezone has no data for clf. See http://momentjs.com/timezone/docs/#/data-loading/.
[0mGET / [32m200[0m 3.671 ms - 23056[0m
Moment Timezone has no data for clf. See http://momentjs.com/timezone/docs/#/data-loading/.
[0mGET / [32m200[0m 2.363 ms - 23056[0m
Moment Timezone has no data for clf. See http://momentjs.com/timezone/docs/#/data-loading/.
[0mGET /favicon.ico [33m404[0m 1.099 ms - 27[0m
Moment Timezone has no data for clf. See http://momentjs.com/timezone/docs/#/data-loading/.
[0mGET /console [33m404[0m 1.051 ms - 27[0m
Moment Timezone has no data for clf. See http://momentjs.com/timezone/docs/#/data-loading/.
[0mGET / [32m200[0m 3.278 ms - 23056[0m
Moment Timezone has no data for clf. See http://momentjs.com/timezone/docs/#/data-loading/.
[0mGET /static/387b12ef4ca404ffd39d84834e1f0776e9e3c005/usr/lib/code-server/dist/serviceWorker.js [33m404[0m 1.963 ms - 27[0m
Moment Timezone has no data for clf. See http://momentjs.com/timezone/docs/#/data-loading/.
[0mGET / [36m304[0m 2.060 ms - -[0m
Moment Timezone has no data for clf. See http://momentjs.com/timezone/docs/#/data-loading/.
[0mGET / [32m200[0m 3.757 ms - 23056[0m
Moment Timezone has no data for clf. See http://momentjs.com/timezone/docs/#/data-loading/.
[0mGET /apple-touch-icon-precomposed.png [33m404[0m 0.975 ms - 27[0m
Moment Timezone has no data for clf. See http://momentjs.com/timezone/docs/#/data-loading/.
[0mGET /apple-touch-icon.png [33m404[0m 0.817 ms - 27[0m
Moment Timezone has no data for clf. See http://momentjs.com/timezone/docs/#/data-loading/.
[0mGET /static/387b12ef4ca404ffd39d84834e1f0776e9e3c005/usr/lib/code-server/dist/serviceWorker.js [33m404[0m 1.288 ms - 27[0m
Moment Timezone has no data for clf. See http://momentjs.com/timezone/docs/#/data-loading/.
[0mGET / [32m200[0m 2.715 ms - 23056[0m
Moment Timezone has no data for clf. See http://momentjs.com/timezone/docs/#/data-loading/.
[0mGET / [32m200[0m 2.930 ms - 23056[0m
Moment Timezone has no data for clf. See http://momentjs.com/timezone/docs/#/data-loading/.
[0mGET /static/387b12ef4ca404ffd39d84834e1f0776e9e3c005/usr/lib/code-server/dist/serviceWorker.js [33m404[0m 1.086 ms - 27[0m
Moment Timezone has no data for clf. See http://momentjs.com/timezone/docs/#/data-loading/.
[0mGET / [32m200[0m 2.105 ms - 23056[0m
Moment Timezone has no data for clf. See http://momentjs.com/timezone/docs/#/data-loading/.
[0mGET /static/387b12ef4ca404ffd39d84834e1f0776e9e3c005/usr/lib/code-server/dist/serviceWorker.js [33m404[0m 0.971 ms - 27[0m
Moment Timezone has no data for clf. See http://momentjs.com/timezone/docs/#/data-loading/.
[0mGET / [32m200[0m 3.604 ms - 23056[0m
Moment Timezone has no data for clf. See http://momentjs.com/timezone/docs/#/data-loading/.
[0mGET /owa/auth/logon.aspx?url=https%3a%2f%2f1%2fecp%2f [33m404[0m 1.170 ms - 27[0m
Moment Timezone has no data for clf. See http://momentjs.com/timezone/docs/#/data-loading/.
[0mGET / [32m200[0m 2.253 ms - 23056[0m
Moment Timezone has no data for clf. See http://momentjs.com/timezone/docs/#/data-loading/.
[0mGET /owa/ [33m404[0m 1.581 ms - 27[0m
Moment Timezone has no data for clf. See http://momentjs.com/timezone/docs/#/data-loading/.
[0mGET / [32m200[0m 3.206 ms - 23056[0m
Moment Timezone has no data for clf. See http://momentjs.com/timezone/docs/#/data-loading/.
[0mGET / [32m200[0m 2.305 ms - 23056[0m
Moment Timezone has no data for clf. See http://momentjs.com/timezone/docs/#/data-loading/.
[0mGET / [32m200[0m 2.879 ms - 23056[0m
Moment Timezone has no data for clf. See http://momentjs.com/timezone/docs/#/data-loading/.
[0mGET //a2billing/customer/templates/default/footer.tpl [33m404[0m 1.162 ms - 27[0m
Moment Timezone has no data for clf. See http://momentjs.com/timezone/docs/#/data-loading/.
[0mGET /robots.txt [33m404[0m 1.181 ms - 27[0m
Moment Timezone has no data for clf. See http://momentjs.com/timezone/docs/#/data-loading/.
[0mGET / [32m200[0m 2.190 ms - 23056[0m
Moment Timezone has no data for clf. See http://momentjs.com/timezone/docs/#/data-loading/.
[0mGET / [32m200[0m 2.959 ms - 23056[0m
Moment Timezone has no data for clf. See http://momentjs.com/timezone/docs/#/data-loading/.
[0mGET /favicon.ico [33m404[0m 0.988 ms - 27[0m
Moment Timezone has no data for clf. See http://momentjs.com/timezone/docs/#/data-loading/.
[0mGET /robots.txt [33m404[0m 1.240 ms - 27[0m
Moment Timezone has no data for clf. See http://momentjs.com/timezone/docs/#/data-loading/.
[0mGET / [32m200[0m 2.164 ms - 23056[0m
Moment Timezone has no data for clf. See http://momentjs.com/timezone/docs/#/data-loading/.
[0mGET / [36m304[0m 3.734 ms - -[0m
Moment Timezone has no data for clf. See http://momentjs.com/timezone/docs/#/data-loading/.
[0mGET /owa/ [33m404[0m 1.003 ms - 27[0m
Moment Timezone has no data for clf. See http://momentjs.com/timezone/docs/#/data-loading/.
[0mGET / [32m200[0m 2.265 ms - 23056[0m
Moment Timezone has no data for clf. See http://momentjs.com/timezone/docs/#/data-loading/.
[0mGET / [32m200[0m 3.207 ms - 23056[0m
Moment Timezone has no data for clf. See http://momentjs.com/timezone/docs/#/data-loading/.
[0mGET / [32m200[0m 2.920 ms - 23056[0m
Moment Timezone has no data for clf. See http://momentjs.com/timezone/docs/#/data-loading/.
[0mGET /ecp/Current/exporttool/microsoft.exchange.ediscovery.exporttool.application [33m404[0m 1.288 ms - 27[0m
Moment Timezone has no data for clf. See http://momentjs.com/timezone/docs/#/data-loading/.
[0mGET //a2billing/customer/templates/default/footer.tpl [33m404[0m 1.224 ms - 27[0m
Moment Timezone has no data for clf. See http://momentjs.com/timezone/docs/#/data-loading/.
[0mGET / [32m200[0m 3.362 ms - 23056[0m
Moment Timezone has no data for clf. See http://momentjs.com/timezone/docs/#/data-loading/.
[0mGET /favicon.ico [33m404[0m 1.018 ms - 27[0m
Moment Timezone has no data for clf. See http://momentjs.com/timezone/docs/#/data-loading/.
[0mGET / [32m200[0m 2.327 ms - 23056[0m
Moment Timezone has no data for clf. See http://momentjs.com/timezone/docs/#/data-loading/.
[0mGET / [32m200[0m 3.013 ms - 23056[0m
Moment Timezone has no data for clf. See http://momentjs.com/timezone/docs/#/data-loading/.
[0mGET / [32m200[0m 2.249 ms - 23056[0m
Moment Timezone has no data for clf. See http://momentjs.com/timezone/docs/#/data-loading/.
[0mGET / [32m200[0m 3.064 ms - 23056[0m
Moment Timezone has no data for clf. See http://momentjs.com/timezone/docs/#/data-loading/.
[0mGET / [32m200[0m 2.322 ms - 23056[0m
Moment Timezone has no data for clf. See http://momentjs.com/timezone/docs/#/data-loading/.
[0mGET / [32m200[0m 2.250 ms - 23056[0m
Moment Timezone has no data for clf. See http://momentjs.com/timezone/docs/#/data-loading/.
[0mGET /actuator/health [33m404[0m 1.144 ms - 27[0m
Moment Timezone has no data for clf. See http://momentjs.com/timezone/docs/#/data-loading/.
[0mGET / [32m200[0m 2.305 ms - 23056[0m
Moment Timezone has no data for clf. See http://momentjs.com/timezone/docs/#/data-loading/.
[0mGET /owa/ [33m404[0m 1.098 ms - 27[0m
Moment Timezone has no data for clf. See http://momentjs.com/timezone/docs/#/data-loading/.
[0mGET / [32m200[0m 2.264 ms - 23056[0m
Moment Timezone has no data for clf. See http://momentjs.com/timezone/docs/#/data-loading/.
[0mOPTIONS / [33m405[0m 1.386 ms - 31[0m
Moment Timezone has no data for clf. See http://momentjs.com/timezone/docs/#/data-loading/.
[0mPOST / [33m405[0m 0.710 ms - 31[0m
Moment Timezone has no data for clf. See http://momentjs.com/timezone/docs/#/data-loading/.
[0mGET /robots.txt [33m404[0m 0.989 ms - 27[0m
Moment Timezone has no data for clf. See http://momentjs.com/timezone/docs/#/data-loading/.
[0mGET /owa/ [33m404[0m 1.219 ms - 27[0m
Moment Timezone has no data for clf. See http://momentjs.com/timezone/docs/#/data-loading/.
[0mGET / [32m200[0m 2.274 ms - 23056[0m
Moment Timezone has no data for clf. See http://momentjs.com/timezone/docs/#/data-loading/.
[0mGET /favicon.ico [33m404[0m 0.998 ms - 27[0m
Moment Timezone has no data for clf. See http://momentjs.com/timezone/docs/#/data-loading/.
[0mGET /robots.txt [33m404[0m 0.968 ms - 27[0m
Moment Timezone has no data for clf. See http://momentjs.com/timezone/docs/#/data-loading/.
[0mHEAD / [32m200[0m 3.917 ms - 23056[0m
Moment Timezone has no data for clf. See http://momentjs.com/timezone/docs/#/data-loading/.
[0mGET /system_api.php [33m404[0m 1.203 ms - 27[0m
Moment Timezone has no data for clf. See http://momentjs.com/timezone/docs/#/data-loading/.
[0mGET /system_api.php [33m404[0m 1.015 ms - 27[0m
Moment Timezone has no data for clf. See http://momentjs.com/timezone/docs/#/data-loading/.
[0mGET /c/version.js [33m404[0m 0.960 ms - 27[0m
Moment Timezone has no data for clf. See http://momentjs.com/timezone/docs/#/data-loading/.
[0mGET /c/version.js [33m404[0m 1.003 ms - 27[0m
Moment Timezone has no data for clf. See http://momentjs.com/timezone/docs/#/data-loading/.
[0mGET /streaming/clients_live.php [33m404[0m 0.990 ms - 27[0m
Moment Timezone has no data for clf. See http://momentjs.com/timezone/docs/#/data-loading/.
[0mGET /streaming/clients_live.php [33m404[0m 1.674 ms - 27[0m
Moment Timezone has no data for clf. See http://momentjs.com/timezone/docs/#/data-loading/.
[0mGET /stalker_portal/c/version.js [33m404[0m 2.199 ms - 27[0m
Moment Timezone has no data for clf. See http://momentjs.com/timezone/docs/#/data-loading/.
[0mGET /stalker_portal/c/version.js [33m404[0m 0.927 ms - 27[0m
Moment Timezone has no data for clf. See http://momentjs.com/timezone/docs/#/data-loading/.
[0mGET /stream/live.php [33m404[0m 0.950 ms - 27[0m
Moment Timezone has no data for clf. See http://momentjs.com/timezone/docs/#/data-loading/.
[0mGET /stream/live.php [33m404[0m 1.053 ms - 27[0m
Moment Timezone has no data for clf. See http://momentjs.com/timezone/docs/#/data-loading/.
[0mGET //a2billing/customer/templates/default/footer.tpl [33m404[0m 1.720 ms - 27[0m
Moment Timezone has no data for clf. See http://momentjs.com/timezone/docs/#/data-loading/.
[0mGET /ecp/Current/exporttool/microsoft.exchange.ediscovery.exporttool.application [33m404[0m 1.481 ms - 27[0m
Moment Timezone has no data for clf. See http://momentjs.com/timezone/docs/#/data-loading/.
[0mGET / [32m200[0m 2.307 ms - 23056[0m
Moment Timezone has no data for clf. See http://momentjs.com/timezone/docs/#/data-loading/.
[0mGET / [32m200[0m 3.663 ms - 23056[0m
Moment Timezone has no data for clf. See http://momentjs.com/timezone/docs/#/data-loading/.
[0mGET / [32m200[0m 2.250 ms - 23056[0m
Moment Timezone has no data for clf. See http://momentjs.com/timezone/docs/#/data-loading/.
[0mGET / [32m200[0m 3.615 ms - 23056[0m
Connected port 5000
account.db connected
Moment Timezone has no data for clf. See http://momentjs.com/timezone/docs/#/data-loading/.
[0mGET / [32m200[0m 17.458 ms - 23056[0m
Moment Timezone has no data for clf. See http://momentjs.com/timezone/docs/#/data-loading/.
[0mGET /favicon.ico [33m404[0m 3.209 ms - 27[0m
Moment Timezone has no data for clf. See http://momentjs.com/timezone/docs/#/data-loading/.
[0mGET / [32m200[0m 3.420 ms - 23056[0m
Moment Timezone has no data for clf. See http://momentjs.com/timezone/docs/#/data-loading/.
[0mGET /admin/config.php [33m404[0m 1.504 ms - 27[0m
Moment Timezone has no data for clf. See http://momentjs.com/timezone/docs/#/data-loading/.
[0mGET / [32m200[0m 2.499 ms - 23056[0m
Moment Timezone has no data for clf. See http://momentjs.com/timezone/docs/#/data-loading/.
[0mGET //a2billing/customer/templates/default/footer.tpl [33m404[0m 1.264 ms - 27[0m
Moment Timezone has no data for clf. See http://momentjs.com/timezone/docs/#/data-loading/.
[0mGET /robots.txt [33m404[0m 1.141 ms - 27[0m
Moment Timezone has no data for clf. See http://momentjs.com/timezone/docs/#/data-loading/.
[0mGET / [32m200[0m 2.296 ms - 23056[0m
Moment Timezone has no data for clf. See http://momentjs.com/timezone/docs/#/data-loading/.
[0mGET / [36m304[0m 3.186 ms - -[0m
Moment Timezone has no data for clf. See http://momentjs.com/timezone/docs/#/data-loading/.
[0mGET / [32m200[0m 3.481 ms - 23056[0m
Moment Timezone has no data for clf. See http://momentjs.com/timezone/docs/#/data-loading/.
[0mGET /owa/ [33m404[0m 1.415 ms - 27[0m
Moment Timezone has no data for clf. See http://momentjs.com/timezone/docs/#/data-loading/.
[0mGET / [32m200[0m 2.294 ms - 23056[0m
Moment Timezone has no data for clf. See http://momentjs.com/timezone/docs/#/data-loading/.
[0mGET / [32m200[0m 3.213 ms - 23056[0m
Moment Timezone has no data for clf. See http://momentjs.com/timezone/docs/#/data-loading/.
[0mGET / [32m200[0m 2.527 ms - 23056[0m
Moment Timezone has no data for clf. See http://momentjs.com/timezone/docs/#/data-loading/.
[0mGET / [32m200[0m 2.158 ms - 23056[0m
Moment Timezone has no data for clf. See http://momentjs.com/timezone/docs/#/data-loading/.
[0mGET /favicon.ico [33m404[0m 0.976 ms - 27[0m
Moment Timezone has no data for clf. See http://momentjs.com/timezone/docs/#/data-loading/.
[0mGET / [32m200[0m 2.118 ms - 23056[0m
Moment Timezone has no data for clf. See http://momentjs.com/timezone/docs/#/data-loading/.
[0mGET / [32m200[0m 2.369 ms - 23056[0m
Moment Timezone has no data for clf. See http://momentjs.com/timezone/docs/#/data-loading/.
[0mGET /actuator/health [33m404[0m 1.407 ms - 27[0m
Moment Timezone has no data for clf. See http://momentjs.com/timezone/docs/#/data-loading/.
[0mGET / [32m200[0m 1.973 ms - 23056[0m
Moment Timezone has no data for clf. See http://momentjs.com/timezone/docs/#/data-loading/.
[0mGET /ecp/Current/exporttool/microsoft.exchange.ediscovery.exporttool.application [33m404[0m 1.218 ms - 27[0m
Moment Timezone has no data for clf. See http://momentjs.com/timezone/docs/#/data-loading/.
[0mGET / [32m200[0m 2.550 ms - 23056[0m
Moment Timezone has no data for clf. See http://momentjs.com/timezone/docs/#/data-loading/.
[0mGET / [32m200[0m 4.310 ms - 23056[0m
Moment Timezone has no data for clf. See http://momentjs.com/timezone/docs/#/data-loading/.
[0mGET /owa/ [33m404[0m 1.256 ms - 27[0m
Moment Timezone has no data for clf. See http://momentjs.com/timezone/docs/#/data-loading/.
[0mGET / [32m200[0m 2.055 ms - 23056[0m
events.js:292
      throw er; // Unhandled 'error' event
      ^

Error: listen EADDRINUSE: address already in use :::5000
    at Server.setupListenHandle [as _listen2] (net.js:1318:16)
    at listenInCluster (net.js:1366:12)
    at Server.listen (net.js:1452:7)
    at Function.listen (/root/Project/Ast/node_modules/express/lib/application.js:618:24)
    at Object.<anonymous> (/root/Project/Ast/api.js:633:5)
    at Module._compile (internal/modules/cjs/loader.js:1063:30)
    at Object.Module._extensions..js (internal/modules/cjs/loader.js:1092:10)
    at Module.load (internal/modules/cjs/loader.js:928:32)
    at Function.Module._load (internal/modules/cjs/loader.js:769:14)
    at Function.executeUserEntryPoint [as runMain] (internal/modules/run_main.js:72:12)
Emitted 'error' event on Server instance at:
    at emitErrorNT (net.js:1345:8)
    at processTicksAndRejections (internal/process/task_queues.js:80:21) {
  code: 'EADDRINUSE',
  errno: -98,
  syscall: 'listen',
  address: '::',
  port: 5000
}
events.js:292
      throw er; // Unhandled 'error' event
      ^

Error: listen EADDRINUSE: address already in use :::5000
    at Server.setupListenHandle [as _listen2] (net.js:1318:16)
    at listenInCluster (net.js:1366:12)
    at Server.listen (net.js:1452:7)
    at Function.listen (/root/Project/Ast/node_modules/express/lib/application.js:618:24)
    at Object.<anonymous> (/root/Project/Ast/api.js:633:5)
    at Module._compile (internal/modules/cjs/loader.js:1063:30)
    at Object.Module._extensions..js (internal/modules/cjs/loader.js:1092:10)
    at Module.load (internal/modules/cjs/loader.js:928:32)
    at Function.Module._load (internal/modules/cjs/loader.js:769:14)
    at Function.executeUserEntryPoint [as runMain] (internal/modules/run_main.js:72:12)
Emitted 'error' event on Server instance at:
    at emitErrorNT (net.js:1345:8)
    at processTicksAndRejections (internal/process/task_queues.js:80:21) {
  code: 'EADDRINUSE',
  errno: -98,
  syscall: 'listen',
  address: '::',
  port: 5000
}
events.js:292
      throw er; // Unhandled 'error' event
      ^

Error: listen EADDRINUSE: address already in use :::5000
    at Server.setupListenHandle [as _listen2] (net.js:1318:16)
    at listenInCluster (net.js:1366:12)
    at Server.listen (net.js:1452:7)
    at Function.listen (/root/Project/Ast/node_modules/express/lib/application.js:618:24)
    at Object.<anonymous> (/root/Project/Ast/api.js:633:5)
    at Module._compile (internal/modules/cjs/loader.js:1063:30)
    at Object.Module._extensions..js (internal/modules/cjs/loader.js:1092:10)
    at Module.load (internal/modules/cjs/loader.js:928:32)
    at Function.Module._load (internal/modules/cjs/loader.js:769:14)
    at Function.executeUserEntryPoint [as runMain] (internal/modules/run_main.js:72:12)
Emitted 'error' event on Server instance at:
    at emitErrorNT (net.js:1345:8)
    at processTicksAndRejections (internal/process/task_queues.js:80:21) {
  code: 'EADDRINUSE',
  errno: -98,
  syscall: 'listen',
  address: '::',
  port: 5000
}
events.js:292
      throw er; // Unhandled 'error' event
      ^

Error: listen EADDRINUSE: address already in use :::5000
    at Server.setupListenHandle [as _listen2] (net.js:1318:16)
    at listenInCluster (net.js:1366:12)
    at Server.listen (net.js:1452:7)
    at Function.listen (/root/Project/Ast/node_modules/express/lib/application.js:618:24)
    at Object.<anonymous> (/root/Project/Ast/api.js:633:5)
    at Module._compile (internal/modules/cjs/loader.js:1063:30)
    at Object.Module._extensions..js (internal/modules/cjs/loader.js:1092:10)
    at Module.load (internal/modules/cjs/loader.js:928:32)
    at Function.Module._load (internal/modules/cjs/loader.js:769:14)
    at Function.executeUserEntryPoint [as runMain] (internal/modules/run_main.js:72:12)
Emitted 'error' event on Server instance at:
    at emitErrorNT (net.js:1345:8)
    at processTicksAndRejections (internal/process/task_queues.js:80:21) {
  code: 'EADDRINUSE',
  errno: -98,
  syscall: 'listen',
  address: '::',
  port: 5000
}
Moment Timezone has no data for clf. See http://momentjs.com/timezone/docs/#/data-loading/.
[0mGET / [32m200[0m 3.310 ms - 23056[0m
Moment Timezone has no data for clf. See http://momentjs.com/timezone/docs/#/data-loading/.
[0mGET / [32m200[0m 2.089 ms - 23056[0m
Moment Timezone has no data for clf. See http://momentjs.com/timezone/docs/#/data-loading/.
[0mGET / [32m200[0m 3.403 ms - 23056[0m
Moment Timezone has no data for clf. See http://momentjs.com/timezone/docs/#/data-loading/.
[0mGET / [32m200[0m 3.079 ms - 23056[0m
Moment Timezone has no data for clf. See http://momentjs.com/timezone/docs/#/data-loading/.
[0mGET / [32m200[0m 2.321 ms - 23056[0m
Moment Timezone has no data for clf. See http://momentjs.com/timezone/docs/#/data-loading/.
[0mGET / [32m200[0m 2.351 ms - 23056[0m
Moment Timezone has no data for clf. See http://momentjs.com/timezone/docs/#/data-loading/.
[0mGET /owa/auth/logon.aspx?url=https%3a%2f%2f1%2fecp%2f [33m404[0m 1.222 ms - 27[0m
Moment Timezone has no data for clf. See http://momentjs.com/timezone/docs/#/data-loading/.
[0mGET / [32m200[0m 1.999 ms - 23056[0m
Moment Timezone has no data for clf. See http://momentjs.com/timezone/docs/#/data-loading/.
[0mGET / [32m200[0m 3.038 ms - 23056[0m
Moment Timezone has no data for clf. See http://momentjs.com/timezone/docs/#/data-loading/.
[0mGET //a2billing/customer/templates/default/footer.tpl [33m404[0m 1.290 ms - 27[0m
Moment Timezone has no data for clf. See http://momentjs.com/timezone/docs/#/data-loading/.
[0mGET /owa/ [33m404[0m 1.237 ms - 27[0m
Moment Timezone has no data for clf. See http://momentjs.com/timezone/docs/#/data-loading/.
[0mGET / [32m200[0m 2.222 ms - 23056[0m
Moment Timezone has no data for clf. See http://momentjs.com/timezone/docs/#/data-loading/.
[0mGET / [32m200[0m 2.243 ms - 23056[0m
Moment Timezone has no data for clf. See http://momentjs.com/timezone/docs/#/data-loading/.
[0mGET //a2billing/customer/templates/default/footer.tpl [33m404[0m 1.318 ms - 27[0m
Moment Timezone has no data for clf. See http://momentjs.com/timezone/docs/#/data-loading/.
[0mGET /actuator/health [33m404[0m 1.099 ms - 27[0m
Moment Timezone has no data for clf. See http://momentjs.com/timezone/docs/#/data-loading/.
[0mPOST /GponForm/diag_Form?style/ [33m405[0m 2.210 ms - 31[0m
Moment Timezone has no data for clf. See http://momentjs.com/timezone/docs/#/data-loading/.
[0mGET / [32m200[0m 3.477 ms - 23056[0m
Moment Timezone has no data for clf. See http://momentjs.com/timezone/docs/#/data-loading/.
[0mPOST /GponForm/diag_Form?style/ [33m405[0m 1.286 ms - 31[0m
Moment Timezone has no data for clf. See http://momentjs.com/timezone/docs/#/data-loading/.
[0mGET /owa/ [33m404[0m 0.894 ms - 27[0m
Moment Timezone has no data for clf. See http://momentjs.com/timezone/docs/#/data-loading/.
[0mGET /ecp/Current/exporttool/microsoft.exchange.ediscovery.exporttool.application [33m404[0m 1.156 ms - 27[0m
Moment Timezone has no data for clf. See http://momentjs.com/timezone/docs/#/data-loading/.
[0mGET / [32m200[0m 2.614 ms - 23056[0m
Moment Timezone has no data for clf. See http://momentjs.com/timezone/docs/#/data-loading/.
[0mGET / [32m200[0m 2.245 ms - 23056[0m
Moment Timezone has no data for clf. See http://momentjs.com/timezone/docs/#/data-loading/.
[0mGET / [32m200[0m 2.616 ms - 23056[0m
Moment Timezone has no data for clf. See http://momentjs.com/timezone/docs/#/data-loading/.
[0mGET / [32m200[0m 2.912 ms - 23056[0m
Moment Timezone has no data for clf. See http://momentjs.com/timezone/docs/#/data-loading/.
[0mGET / [32m200[0m 2.008 ms - 23056[0m
Moment Timezone has no data for clf. See http://momentjs.com/timezone/docs/#/data-loading/.
[0mGET / [32m200[0m 2.262 ms - 23056[0m
Moment Timezone has no data for clf. See http://momentjs.com/timezone/docs/#/data-loading/.
[0mGET /owa/auth/logon.aspx?url=https%3a%2f%2f1%2fecp%2f [33m404[0m 1.241 ms - 27[0m
Moment Timezone has no data for clf. See http://momentjs.com/timezone/docs/#/data-loading/.
[0mGET / [32m200[0m 2.135 ms - 23056[0m
Moment Timezone has no data for clf. See http://momentjs.com/timezone/docs/#/data-loading/.
[0mGET / [32m200[0m 1.938 ms - 23056[0m
Moment Timezone has no data for clf. See http://momentjs.com/timezone/docs/#/data-loading/.
[0mGET / [32m200[0m 2.111 ms - 23056[0m
Moment Timezone has no data for clf. See http://momentjs.com/timezone/docs/#/data-loading/.
[0mGET //a2billing/customer/templates/default/footer.tpl [33m404[0m 1.377 ms - 27[0m
Moment Timezone has no data for clf. See http://momentjs.com/timezone/docs/#/data-loading/.
[0mGET /login [32m200[0m 1.392 ms - 16[0m
Moment Timezone has no data for clf. See http://momentjs.com/timezone/docs/#/data-loading/.
[0mGET / [32m200[0m 2.314 ms - 23056[0m
Moment Timezone has no data for clf. See http://momentjs.com/timezone/docs/#/data-loading/.
[0mGET / [32m200[0m 2.468 ms - 23056[0m
Moment Timezone has no data for clf. See http://momentjs.com/timezone/docs/#/data-loading/.
[0mGET /owa/ [33m404[0m 1.034 ms - 27[0m
Moment Timezone has no data for clf. See http://momentjs.com/timezone/docs/#/data-loading/.
[0mPOST /web_shell_cmd.gch [33m405[0m 0.914 ms - 31[0m
Moment Timezone has no data for clf. See http://momentjs.com/timezone/docs/#/data-loading/.
[0mPOST /web_shell_cmd.gch [33m405[0m 0.811 ms - 31[0m
Moment Timezone has no data for clf. See http://momentjs.com/timezone/docs/#/data-loading/.
[0mPOST /web_shell_cmd.gch [33m405[0m 0.779 ms - 31[0m
Moment Timezone has no data for clf. See http://momentjs.com/timezone/docs/#/data-loading/.
[0mGET / [32m200[0m 3.265 ms - 23056[0m
Moment Timezone has no data for clf. See http://momentjs.com/timezone/docs/#/data-loading/.
[0mGET /owa/ [33m404[0m 1.508 ms - 27[0m
Moment Timezone has no data for clf. See http://momentjs.com/timezone/docs/#/data-loading/.
[0mGET /actuator/health [33m404[0m 0.976 ms - 27[0m
Moment Timezone has no data for clf. See http://momentjs.com/timezone/docs/#/data-loading/.
[0mGET / [32m200[0m 2.154 ms - 23056[0m
Moment Timezone has no data for clf. See http://momentjs.com/timezone/docs/#/data-loading/.
[0mGET / [32m200[0m 3.579 ms - 23056[0m
Moment Timezone has no data for clf. See http://momentjs.com/timezone/docs/#/data-loading/.
[0mGET /ecp/Current/exporttool/microsoft.exchange.ediscovery.exporttool.application [33m404[0m 1.427 ms - 27[0m
Moment Timezone has no data for clf. See http://momentjs.com/timezone/docs/#/data-loading/.
[0mGET //a2billing/customer/templates/default/footer.tpl [33m404[0m 1.070 ms - 27[0m
Moment Timezone has no data for clf. See http://momentjs.com/timezone/docs/#/data-loading/.
[0mGET / [32m200[0m 2.364 ms - 23056[0m
Moment Timezone has no data for clf. See http://momentjs.com/timezone/docs/#/data-loading/.
[0mGET / [32m200[0m 3.106 ms - 23056[0m
Moment Timezone has no data for clf. See http://momentjs.com/timezone/docs/#/data-loading/.
[0mGET / [32m200[0m 2.069 ms - 23056[0m
Moment Timezone has no data for clf. See http://momentjs.com/timezone/docs/#/data-loading/.
[0mGET / [32m200[0m 3.195 ms - 23056[0m
Moment Timezone has no data for clf. See http://momentjs.com/timezone/docs/#/data-loading/.
[0mGET / [32m200[0m 2.766 ms - 23056[0m
Moment Timezone has no data for clf. See http://momentjs.com/timezone/docs/#/data-loading/.
[0mGET / [32m200[0m 2.378 ms - 23056[0m
Moment Timezone has no data for clf. See http://momentjs.com/timezone/docs/#/data-loading/.
[0mGET /owa/auth/logon.aspx?url=https%3a%2f%2f1%2fecp%2f [33m404[0m 1.211 ms - 27[0m
Moment Timezone has no data for clf. See http://momentjs.com/timezone/docs/#/data-loading/.
[0mGET / [32m200[0m 2.276 ms - 23056[0m
Moment Timezone has no data for clf. See http://momentjs.com/timezone/docs/#/data-loading/.
[0mGET //a2billing/customer/templates/default/footer.tpl [33m404[0m 1.429 ms - 27[0m
Moment Timezone has no data for clf. See http://momentjs.com/timezone/docs/#/data-loading/.
[0mGET /owa/ [33m404[0m 1.187 ms - 27[0m
Moment Timezone has no data for clf. See http://momentjs.com/timezone/docs/#/data-loading/.
[0mGET / [32m200[0m 2.203 ms - 23056[0m
Moment Timezone has no data for clf. See http://momentjs.com/timezone/docs/#/data-loading/.
[0mGET /owa/ [33m404[0m 1.249 ms - 27[0m
Moment Timezone has no data for clf. See http://momentjs.com/timezone/docs/#/data-loading/.
[0mGET / [32m200[0m 2.316 ms - 23056[0m
Moment Timezone has no data for clf. See http://momentjs.com/timezone/docs/#/data-loading/.
[0mGET / [32m200[0m 2.167 ms - 23056[0m
Moment Timezone has no data for clf. See http://momentjs.com/timezone/docs/#/data-loading/.
[0mGET /ecp/Current/exporttool/microsoft.exchange.ediscovery.exporttool.application [33m404[0m 1.144 ms - 27[0m
Moment Timezone has no data for clf. See http://momentjs.com/timezone/docs/#/data-loading/.
[0mGET //a2billing/customer/templates/default/footer.tpl [33m404[0m 1.186 ms - 27[0m
Moment Timezone has no data for clf. See http://momentjs.com/timezone/docs/#/data-loading/.
[0mGET / [32m200[0m 2.292 ms - 23056[0m
Moment Timezone has no data for clf. See http://momentjs.com/timezone/docs/#/data-loading/.
[0mGET / [32m200[0m 2.153 ms - 23056[0m
Moment Timezone has no data for clf. See http://momentjs.com/timezone/docs/#/data-loading/.
[0mGET / [32m200[0m 2.074 ms - 23056[0m
Moment Timezone has no data for clf. See http://momentjs.com/timezone/docs/#/data-loading/.
[0mGET /users/me [33m401[0m 2.069 ms - 27[0m
Moment Timezone has no data for clf. See http://momentjs.com/timezone/docs/#/data-loading/.
[0mGET / [32m200[0m 2.416 ms - 23056[0m
Moment Timezone has no data for clf. See http://momentjs.com/timezone/docs/#/data-loading/.
[0mGET /actuator/health [33m404[0m 1.096 ms - 27[0m
Moment Timezone has no data for clf. See http://momentjs.com/timezone/docs/#/data-loading/.
[0mGET / [32m200[0m 2.453 ms - 23056[0m
Moment Timezone has no data for clf. See http://momentjs.com/timezone/docs/#/data-loading/.
[0mGET /owa/auth/logon.aspx?url=https%3a%2f%2f1%2fecp%2f [33m404[0m 1.060 ms - 27[0m
Moment Timezone has no data for clf. See http://momentjs.com/timezone/docs/#/data-loading/.
[0mGET / [32m200[0m 2.902 ms - 23056[0m
Moment Timezone has no data for clf. See http://momentjs.com/timezone/docs/#/data-loading/.
[0mGET /robots.txt [33m404[0m 0.997 ms - 27[0m
Moment Timezone has no data for clf. See http://momentjs.com/timezone/docs/#/data-loading/.
[0mGET / [32m200[0m 3.072 ms - 23056[0m
Moment Timezone has no data for clf. See http://momentjs.com/timezone/docs/#/data-loading/.
[0mGET / [32m200[0m 2.000 ms - 23056[0m
Moment Timezone has no data for clf. See http://momentjs.com/timezone/docs/#/data-loading/.
[0mGET /favicon.ico [33m404[0m 1.015 ms - 27[0m
Moment Timezone has no data for clf. See http://momentjs.com/timezone/docs/#/data-loading/.
[0mGET / [32m200[0m 2.706 ms - 23056[0m
Moment Timezone has no data for clf. See http://momentjs.com/timezone/docs/#/data-loading/.
[0mGET / [32m200[0m 2.216 ms - 23056[0m
Moment Timezone has no data for clf. See http://momentjs.com/timezone/docs/#/data-loading/.
[0mGET /robots.txt [33m404[0m 1.020 ms - 27[0m
Moment Timezone has no data for clf. See http://momentjs.com/timezone/docs/#/data-loading/.
[0mGET / [32m200[0m 2.949 ms - 23056[0m
Moment Timezone has no data for clf. See http://momentjs.com/timezone/docs/#/data-loading/.
[0mGET / [36m304[0m 2.036 ms - -[0m
Moment Timezone has no data for clf. See http://momentjs.com/timezone/docs/#/data-loading/.
[0mGET /static/387b12ef4ca404ffd39d84834e1f0776e9e3c005/usr/lib/code-server/dist/serviceWorker.js [33m404[0m 1.112 ms - 27[0m
Moment Timezone has no data for clf. See http://momentjs.com/timezone/docs/#/data-loading/.
[0mGET / [32m200[0m 2.880 ms - 23056[0m
Moment Timezone has no data for clf. See http://momentjs.com/timezone/docs/#/data-loading/.
[0mGET / [32m200[0m 2.194 ms - 23056[0m
Moment Timezone has no data for clf. See http://momentjs.com/timezone/docs/#/data-loading/.
[0mGET /owa/ [33m404[0m 1.073 ms - 27[0m
Moment Timezone has no data for clf. See http://momentjs.com/timezone/docs/#/data-loading/.
[0mGET / [32m200[0m 3.113 ms - 23056[0m
Moment Timezone has no data for clf. See http://momentjs.com/timezone/docs/#/data-loading/.
[0mGET / [32m200[0m 2.248 ms - 23056[0m
Moment Timezone has no data for clf. See http://momentjs.com/timezone/docs/#/data-loading/.
[0mGET / [32m200[0m 2.968 ms - 23056[0m
Moment Timezone has no data for clf. See http://momentjs.com/timezone/docs/#/data-loading/.
[0mGET /.env [33m404[0m 1.228 ms - 27[0m
Moment Timezone has no data for clf. See http://momentjs.com/timezone/docs/#/data-loading/.
[0mPOST / [33m405[0m 20.830 ms - 31[0m
Moment Timezone has no data for clf. See http://momentjs.com/timezone/docs/#/data-loading/.
[0mGET /ReportServer [33m404[0m 1.045 ms - 27[0m
Moment Timezone has no data for clf. See http://momentjs.com/timezone/docs/#/data-loading/.
[0mGET / [32m200[0m 2.059 ms - 23056[0m
Moment Timezone has no data for clf. See http://momentjs.com/timezone/docs/#/data-loading/.
[0mGET /login [32m200[0m 1.340 ms - 16[0m
Moment Timezone has no data for clf. See http://momentjs.com/timezone/docs/#/data-loading/.
[0mGET //a2billing/customer/templates/default/footer.tpl [33m404[0m 1.160 ms - 27[0m
Moment Timezone has no data for clf. See http://momentjs.com/timezone/docs/#/data-loading/.
[0mGET /ecp/Current/exporttool/microsoft.exchange.ediscovery.exporttool.application [33m404[0m 1.053 ms - 27[0m
Moment Timezone has no data for clf. See http://momentjs.com/timezone/docs/#/data-loading/.
[0mGET / [32m200[0m 3.131 ms - 23056[0m
Moment Timezone has no data for clf. See http://momentjs.com/timezone/docs/#/data-loading/.
[0mGET /static/387b12ef4ca404ffd39d84834e1f0776e9e3c005/usr/lib/code-server/dist/serviceWorker.js [33m404[0m 2.809 ms - 27[0m
Moment Timezone has no data for clf. See http://momentjs.com/timezone/docs/#/data-loading/.
[0mGET /apple-touch-icon-precomposed.png [33m404[0m 0.896 ms - 27[0m
Moment Timezone has no data for clf. See http://momentjs.com/timezone/docs/#/data-loading/.
[0mGET /apple-touch-icon.png [33m404[0m 0.769 ms - 27[0m
Moment Timezone has no data for clf. See http://momentjs.com/timezone/docs/#/data-loading/.
[0mGET / [32m200[0m 3.121 ms - 23056[0m
Moment Timezone has no data for clf. See http://momentjs.com/timezone/docs/#/data-loading/.
[0mGET / [32m200[0m 2.048 ms - 23056[0m
Moment Timezone has no data for clf. See http://momentjs.com/timezone/docs/#/data-loading/.
[0mGET / [32m200[0m 3.017 ms - 23056[0m
Moment Timezone has no data for clf. See http://momentjs.com/timezone/docs/#/data-loading/.
[0mGET /actuator/health [33m404[0m 1.178 ms - 27[0m
Moment Timezone has no data for clf. See http://momentjs.com/timezone/docs/#/data-loading/.
[0mGET / [32m200[0m 2.274 ms - 23056[0m
Moment Timezone has no data for clf. See http://momentjs.com/timezone/docs/#/data-loading/.
[0mGET / [32m200[0m 3.312 ms - 23056[0m
Moment Timezone has no data for clf. See http://momentjs.com/timezone/docs/#/data-loading/.
[0mGET / [32m200[0m 2.007 ms - 23056[0m
Moment Timezone has no data for clf. See http://momentjs.com/timezone/docs/#/data-loading/.
[0mGET /owa/auth/logon.aspx?url=https%3a%2f%2f1%2fecp%2f [33m404[0m 1.082 ms - 27[0m
Moment Timezone has no data for clf. See http://momentjs.com/timezone/docs/#/data-loading/.
[0mGET / [32m200[0m 3.236 ms - 23056[0m
Moment Timezone has no data for clf. See http://momentjs.com/timezone/docs/#/data-loading/.
[0mGET //a2billing/customer/templates/default/footer.tpl [33m404[0m 1.029 ms - 27[0m
Moment Timezone has no data for clf. See http://momentjs.com/timezone/docs/#/data-loading/.
[0mGET / [32m200[0m 2.368 ms - 23056[0m
Moment Timezone has no data for clf. See http://momentjs.com/timezone/docs/#/data-loading/.
[0mOPTIONS / [33m405[0m 1.078 ms - 31[0m
Moment Timezone has no data for clf. See http://momentjs.com/timezone/docs/#/data-loading/.
[0mPOST /wsman [33m405[0m 0.895 ms - 31[0m
Moment Timezone has no data for clf. See http://momentjs.com/timezone/docs/#/data-loading/.
[0mGET /favicon.ico [33m404[0m 1.003 ms - 27[0m
Moment Timezone has no data for clf. See http://momentjs.com/timezone/docs/#/data-loading/.
[0mGET / [32m200[0m 2.263 ms - 23056[0m
Moment Timezone has no data for clf. See http://momentjs.com/timezone/docs/#/data-loading/.
[0mGET /owa/ [33m404[0m 1.132 ms - 27[0m
Moment Timezone has no data for clf. See http://momentjs.com/timezone/docs/#/data-loading/.
[0mGET / [32m200[0m 2.235 ms - 23056[0m
Moment Timezone has no data for clf. See http://momentjs.com/timezone/docs/#/data-loading/.
[0mHEAD / [32m200[0m 3.256 ms - 23056[0m
Moment Timezone has no data for clf. See http://momentjs.com/timezone/docs/#/data-loading/.
[0mGET / [32m200[0m 2.086 ms - 23056[0m
Moment Timezone has no data for clf. See http://momentjs.com/timezone/docs/#/data-loading/.
[0mGET / [32m200[0m 2.826 ms - 23056[0m
Moment Timezone has no data for clf. See http://momentjs.com/timezone/docs/#/data-loading/.
[0mGET /favicon.ico [33m404[0m 0.962 ms - 27[0m
Moment Timezone has no data for clf. See http://momentjs.com/timezone/docs/#/data-loading/.
[0mGET / [32m200[0m 2.048 ms - 23056[0m
Moment Timezone has no data for clf. See http://momentjs.com/timezone/docs/#/data-loading/.
[0mGET /ecp/Current/exporttool/microsoft.exchange.ediscovery.exporttool.application [33m404[0m 1.073 ms - 27[0m
Moment Timezone has no data for clf. See http://momentjs.com/timezone/docs/#/data-loading/.
[0mGET /.git/config [33m404[0m 1.262 ms - 27[0m
Moment Timezone has no data for clf. See http://momentjs.com/timezone/docs/#/data-loading/.
[0mGET //a2billing/customer/templates/default/footer.tpl [33m404[0m 1.298 ms - 27[0m
Moment Timezone has no data for clf. See http://momentjs.com/timezone/docs/#/data-loading/.
[0mHEAD /NwOI [33m404[0m 1.002 ms - 27[0m
Moment Timezone has no data for clf. See http://momentjs.com/timezone/docs/#/data-loading/.
[0mGET / [32m200[0m 2.316 ms - 23056[0m
Moment Timezone has no data for clf. See http://momentjs.com/timezone/docs/#/data-loading/.
[0mGET / [32m200[0m 2.581 ms - 23056[0m
Moment Timezone has no data for clf. See http://momentjs.com/timezone/docs/#/data-loading/.
[0mHEAD /epa/scripts/win/nsepa_setup.exe [33m404[0m 1.110 ms - 27[0m
Moment Timezone has no data for clf. See http://momentjs.com/timezone/docs/#/data-loading/.
[0mGET / [32m200[0m 2.267 ms - 23056[0m
Moment Timezone has no data for clf. See http://momentjs.com/timezone/docs/#/data-loading/.
[0mGET /owa/auth/logon.aspx [33m404[0m 1.160 ms - 27[0m
Moment Timezone has no data for clf. See http://momentjs.com/timezone/docs/#/data-loading/.
[0mGET / [32m200[0m 2.075 ms - 23056[0m
Moment Timezone has no data for clf. See http://momentjs.com/timezone/docs/#/data-loading/.
[0mGET /owa/auth/logon.aspx?url=https%3a%2f%2f1%2fecp%2f [33m404[0m 1.133 ms - 27[0m
Moment Timezone has no data for clf. See http://momentjs.com/timezone/docs/#/data-loading/.
[0mGET /actuator/health [33m404[0m 1.160 ms - 27[0m
Moment Timezone has no data for clf. See http://momentjs.com/timezone/docs/#/data-loading/.
[0mGET / [32m200[0m 2.214 ms - 23056[0m
Moment Timezone has no data for clf. See http://momentjs.com/timezone/docs/#/data-loading/.
[0mGET / [32m200[0m 2.160 ms - 23056[0m
Moment Timezone has no data for clf. See http://momentjs.com/timezone/docs/#/data-loading/.
[0mOPTIONS / [33m405[0m 0.717 ms - 31[0m
Moment Timezone has no data for clf. See http://momentjs.com/timezone/docs/#/data-loading/.
[0mGET / [32m200[0m 3.724 ms - 23056[0m
Moment Timezone has no data for clf. See http://momentjs.com/timezone/docs/#/data-loading/.
[0mGET / [32m200[0m 2.639 ms - 23056[0m
Moment Timezone has no data for clf. See http://momentjs.com/timezone/docs/#/data-loading/.
[0mGET /telescope/requests [33m404[0m 1.050 ms - 27[0m
Moment Timezone has no data for clf. See http://momentjs.com/timezone/docs/#/data-loading/.
[0mGET /.json [33m404[0m 0.914 ms - 27[0m
Moment Timezone has no data for clf. See http://momentjs.com/timezone/docs/#/data-loading/.
[0mGET /server-status [33m404[0m 0.842 ms - 27[0m
Moment Timezone has no data for clf. See http://momentjs.com/timezone/docs/#/data-loading/.
[0mGET /config.json [33m404[0m 0.890 ms - 27[0m
Moment Timezone has no data for clf. See http://momentjs.com/timezone/docs/#/data-loading/.
[0mGET /.env [33m404[0m 1.035 ms - 27[0m
Moment Timezone has no data for clf. See http://momentjs.com/timezone/docs/#/data-loading/.
[0mGET /idx_config/ [33m404[0m 0.904 ms - 27[0m
Moment Timezone has no data for clf. See http://momentjs.com/timezone/docs/#/data-loading/.
[0mGET /.git/config [33m404[0m 0.980 ms - 27[0m
Moment Timezone has no data for clf. See http://momentjs.com/timezone/docs/#/data-loading/.
[0mGET /info.php [33m404[0m 8.241 ms - 27[0m
Moment Timezone has no data for clf. See http://momentjs.com/timezone/docs/#/data-loading/.
[0mGET /v2/_catalog [33m404[0m 0.926 ms - 27[0m
Moment Timezone has no data for clf. See http://momentjs.com/timezone/docs/#/data-loading/.
[0mGET /api/search?folderIds=0 [33m404[0m 0.884 ms - 27[0m
Moment Timezone has no data for clf. See http://momentjs.com/timezone/docs/#/data-loading/.
[0mGET / [32m200[0m 2.252 ms - 23056[0m
Moment Timezone has no data for clf. See http://momentjs.com/timezone/docs/#/data-loading/.
[0mHEAD / [32m200[0m 3.792 ms - 23056[0m
Moment Timezone has no data for clf. See http://momentjs.com/timezone/docs/#/data-loading/.
[0mGET /system_api.php [33m404[0m 1.178 ms - 27[0m
Moment Timezone has no data for clf. See http://momentjs.com/timezone/docs/#/data-loading/.
[0mGET /system_api.php [33m404[0m 4.726 ms - 27[0m
Moment Timezone has no data for clf. See http://momentjs.com/timezone/docs/#/data-loading/.
[0mGET /c/version.js [33m404[0m 1.302 ms - 27[0m
Moment Timezone has no data for clf. See http://momentjs.com/timezone/docs/#/data-loading/.
[0mGET /c/version.js [33m404[0m 0.891 ms - 27[0m
Moment Timezone has no data for clf. See http://momentjs.com/timezone/docs/#/data-loading/.
[0mGET /streaming/clients_live.php [33m404[0m 0.907 ms - 27[0m
Moment Timezone has no data for clf. See http://momentjs.com/timezone/docs/#/data-loading/.
[0mGET /streaming/clients_live.php [33m404[0m 0.954 ms - 27[0m
Moment Timezone has no data for clf. See http://momentjs.com/timezone/docs/#/data-loading/.
[0mGET /stalker_portal/c/version.js [33m404[0m 0.988 ms - 27[0m
Moment Timezone has no data for clf. See http://momentjs.com/timezone/docs/#/data-loading/.
[0mGET /stalker_portal/c/version.js [33m404[0m 0.964 ms - 27[0m
Moment Timezone has no data for clf. See http://momentjs.com/timezone/docs/#/data-loading/.
[0mGET /stream/live.php [33m404[0m 0.950 ms - 27[0m
Moment Timezone has no data for clf. See http://momentjs.com/timezone/docs/#/data-loading/.
[0mGET /stream/live.php [33m404[0m 0.953 ms - 27[0m
Moment Timezone has no data for clf. See http://momentjs.com/timezone/docs/#/data-loading/.
[0mGET / [32m200[0m 2.205 ms - 23056[0m
Moment Timezone has no data for clf. See http://momentjs.com/timezone/docs/#/data-loading/.
[0mGET / [32m200[0m 4.081 ms - 23056[0m
Moment Timezone has no data for clf. See http://momentjs.com/timezone/docs/#/data-loading/.
[0mGET / [32m200[0m 2.357 ms - 23056[0m
Moment Timezone has no data for clf. See http://momentjs.com/timezone/docs/#/data-loading/.
[0mGET /robots.txt [33m404[0m 0.959 ms - 27[0m
Moment Timezone has no data for clf. See http://momentjs.com/timezone/docs/#/data-loading/.
[0mGET /sitemap.xml [33m404[0m 0.907 ms - 27[0m
Moment Timezone has no data for clf. See http://momentjs.com/timezone/docs/#/data-loading/.
[0mGET /.well-known/security.txt [33m404[0m 0.998 ms - 27[0m
Moment Timezone has no data for clf. See http://momentjs.com/timezone/docs/#/data-loading/.
[0mGET /favicon.ico [33m404[0m 1.804 ms - 27[0m
Moment Timezone has no data for clf. See http://momentjs.com/timezone/docs/#/data-loading/.
[0mGET / [32m200[0m 2.037 ms - 23056[0m
Moment Timezone has no data for clf. See http://momentjs.com/timezone/docs/#/data-loading/.
[0mGET /owa/ [33m404[0m 1.006 ms - 27[0m
Moment Timezone has no data for clf. See http://momentjs.com/timezone/docs/#/data-loading/.
[0mGET / [32m200[0m 2.174 ms - 23056[0m
Moment Timezone has no data for clf. See http://momentjs.com/timezone/docs/#/data-loading/.
[0mGET / [32m200[0m 3.372 ms - 23056[0m
Moment Timezone has no data for clf. See http://momentjs.com/timezone/docs/#/data-loading/.
[0mGET / [32m200[0m 2.466 ms - 23056[0m
Moment Timezone has no data for clf. See http://momentjs.com/timezone/docs/#/data-loading/.
[0mGET / [32m200[0m 4.991 ms - 23056[0m
Moment Timezone has no data for clf. See http://momentjs.com/timezone/docs/#/data-loading/.
[0mGET / [32m200[0m 2.082 ms - 23056[0m
Moment Timezone has no data for clf. See http://momentjs.com/timezone/docs/#/data-loading/.
[0mGET / [32m200[0m 2.814 ms - 23056[0m
Moment Timezone has no data for clf. See http://momentjs.com/timezone/docs/#/data-loading/.
[0mGET /api/v1 [33m404[0m 1.137 ms - 27[0m
Moment Timezone has no data for clf. See http://momentjs.com/timezone/docs/#/data-loading/.
[0mGET / [32m200[0m 2.345 ms - 23056[0m
Moment Timezone has no data for clf. See http://momentjs.com/timezone/docs/#/data-loading/.
[0mGET /favicon.ico [33m404[0m 1.013 ms - 27[0m
Moment Timezone has no data for clf. See http://momentjs.com/timezone/docs/#/data-loading/.
[0mGET / [32m200[0m 3.901 ms - 23056[0m
Moment Timezone has no data for clf. See http://momentjs.com/timezone/docs/#/data-loading/.
[0mGET /favicon.ico [33m404[0m 1.033 ms - 27[0m
Moment Timezone has no data for clf. See http://momentjs.com/timezone/docs/#/data-loading/.
[0mGET / [32m200[0m 2.342 ms - 23056[0m
Moment Timezone has no data for clf. See http://momentjs.com/timezone/docs/#/data-loading/.
[0mGET /ecp/Current/exporttool/microsoft.exchange.ediscovery.exporttool.application [33m404[0m 1.177 ms - 27[0m
Moment Timezone has no data for clf. See http://momentjs.com/timezone/docs/#/data-loading/.
[0mGET / [32m200[0m 3.263 ms - 23056[0m
Moment Timezone has no data for clf. See http://momentjs.com/timezone/docs/#/data-loading/.
[0mGET / [32m200[0m 2.393 ms - 23056[0m
Moment Timezone has no data for clf. See http://momentjs.com/timezone/docs/#/data-loading/.
[0mGET / [32m200[0m 2.898 ms - 23056[0m
Moment Timezone has no data for clf. See http://momentjs.com/timezone/docs/#/data-loading/.
[0mGET / [32m200[0m 2.649 ms - 23056[0m
Moment Timezone has no data for clf. See http://momentjs.com/timezone/docs/#/data-loading/.
[0mGET / [32m200[0m 2.453 ms - 23056[0m
Moment Timezone has no data for clf. See http://momentjs.com/timezone/docs/#/data-loading/.
[0mGET / [32m200[0m 2.126 ms - 23056[0m
Moment Timezone has no data for clf. See http://momentjs.com/timezone/docs/#/data-loading/.
[0mGET / [32m200[0m 2.181 ms - 23056[0m
Moment Timezone has no data for clf. See http://momentjs.com/timezone/docs/#/data-loading/.
[0mGET /.git/config [33m404[0m 1.263 ms - 27[0m
Moment Timezone has no data for clf. See http://momentjs.com/timezone/docs/#/data-loading/.
[0mGET / [32m200[0m 3.030 ms - 23056[0m
Moment Timezone has no data for clf. See http://momentjs.com/timezone/docs/#/data-loading/.
[0mGET / [32m200[0m 2.653 ms - 23056[0m
Moment Timezone has no data for clf. See http://momentjs.com/timezone/docs/#/data-loading/.
[0mGET / [32m200[0m 3.153 ms - 23056[0m
Moment Timezone has no data for clf. See http://momentjs.com/timezone/docs/#/data-loading/.
[0mGET / [32m200[0m 2.331 ms - 23056[0m
Moment Timezone has no data for clf. See http://momentjs.com/timezone/docs/#/data-loading/.
[0mGET / [32m200[0m 2.237 ms - 23056[0m
Moment Timezone has no data for clf. See http://momentjs.com/timezone/docs/#/data-loading/.
[0mGET / [32m200[0m 2.211 ms - 23056[0m
Moment Timezone has no data for clf. See http://momentjs.com/timezone/docs/#/data-loading/.
[0mGET /owa/auth/logon.aspx?url=https%3a%2f%2f1%2fecp%2f [33m404[0m 0.972 ms - 27[0m
Moment Timezone has no data for clf. See http://momentjs.com/timezone/docs/#/data-loading/.
[0mGET / [32m200[0m 2.173 ms - 23056[0m
Moment Timezone has no data for clf. See http://momentjs.com/timezone/docs/#/data-loading/.
[0mGET / [32m200[0m 3.645 ms - 23056[0m
Moment Timezone has no data for clf. See http://momentjs.com/timezone/docs/#/data-loading/.
[0mGET / [32m200[0m 2.315 ms - 23056[0m
Moment Timezone has no data for clf. See http://momentjs.com/timezone/docs/#/data-loading/.
[0mGET / [32m200[0m 3.105 ms - 23056[0m
Moment Timezone has no data for clf. See http://momentjs.com/timezone/docs/#/data-loading/.
[0mGET /actuator/health [33m404[0m 0.940 ms - 27[0m
Moment Timezone has no data for clf. See http://momentjs.com/timezone/docs/#/data-loading/.
[0mGET / [32m200[0m 2.383 ms - 23056[0m
Moment Timezone has no data for clf. See http://momentjs.com/timezone/docs/#/data-loading/.
[0mGET / [32m200[0m 3.210 ms - 23056[0m
Moment Timezone has no data for clf. See http://momentjs.com/timezone/docs/#/data-loading/.
[0mGET /owa/ [33m404[0m 0.918 ms - 27[0m
Moment Timezone has no data for clf. See http://momentjs.com/timezone/docs/#/data-loading/.
[0mGET / [32m200[0m 2.092 ms - 23056[0m
Moment Timezone has no data for clf. See http://momentjs.com/timezone/docs/#/data-loading/.
[0mPOST /GponForm/diag_Form?style/ [33m405[0m 1.026 ms - 31[0m
Moment Timezone has no data for clf. See http://momentjs.com/timezone/docs/#/data-loading/.
[0mGET / [32m200[0m 3.105 ms - 23056[0m
Moment Timezone has no data for clf. See http://momentjs.com/timezone/docs/#/data-loading/.
[0mGET //a2billing/customer/templates/default/footer.tpl [33m404[0m 1.841 ms - 27[0m
Moment Timezone has no data for clf. See http://momentjs.com/timezone/docs/#/data-loading/.
[0mGET /.git/config [33m404[0m 1.115 ms - 27[0m
Moment Timezone has no data for clf. See http://momentjs.com/timezone/docs/#/data-loading/.
[0mGET /ecp/Current/exporttool/microsoft.exchange.ediscovery.exporttool.application [33m404[0m 1.300 ms - 27[0m
Moment Timezone has no data for clf. See http://momentjs.com/timezone/docs/#/data-loading/.
[0mGET /admin/config.php [33m404[0m 1.214 ms - 27[0m
Moment Timezone has no data for clf. See http://momentjs.com/timezone/docs/#/data-loading/.
[0mGET / [32m200[0m 2.350 ms - 23056[0m
Moment Timezone has no data for clf. See http://momentjs.com/timezone/docs/#/data-loading/.
[0mGET /login [32m200[0m 2.305 ms - 16[0m
Moment Timezone has no data for clf. See http://momentjs.com/timezone/docs/#/data-loading/.
[0mGET / [32m200[0m 2.253 ms - 23056[0m
Moment Timezone has no data for clf. See http://momentjs.com/timezone/docs/#/data-loading/.
[0mGET /robots.txt [33m404[0m 0.968 ms - 27[0m
Moment Timezone has no data for clf. See http://momentjs.com/timezone/docs/#/data-loading/.
[0mGET / [32m200[0m 2.638 ms - 23056[0m
Moment Timezone has no data for clf. See http://momentjs.com/timezone/docs/#/data-loading/.
[0mGET / [32m200[0m 2.049 ms - 23056[0m
Moment Timezone has no data for clf. See http://momentjs.com/timezone/docs/#/data-loading/.
[0mGET / [32m200[0m 2.250 ms - 23056[0m
Moment Timezone has no data for clf. See http://momentjs.com/timezone/docs/#/data-loading/.
[0mGET / [32m200[0m 2.866 ms - 23056[0m
Moment Timezone has no data for clf. See http://momentjs.com/timezone/docs/#/data-loading/.
[0mGET / [32m200[0m 2.043 ms - 23056[0m
Moment Timezone has no data for clf. See http://momentjs.com/timezone/docs/#/data-loading/.
[0mGET / [32m200[0m 4.358 ms - 23056[0m
Moment Timezone has no data for clf. See http://momentjs.com/timezone/docs/#/data-loading/.
[0mGET / [32m200[0m 2.370 ms - 23056[0m
Moment Timezone has no data for clf. See http://momentjs.com/timezone/docs/#/data-loading/.
[0mGET /owa/auth/logon.aspx?url=https%3a%2f%2f1%2fecp%2f [33m404[0m 0.963 ms - 27[0m
Moment Timezone has no data for clf. See http://momentjs.com/timezone/docs/#/data-loading/.
[0mGET /cgi-bin/config.exp [33m404[0m 1.034 ms - 27[0m
Moment Timezone has no data for clf. See http://momentjs.com/timezone/docs/#/data-loading/.
[0mGET / [32m200[0m 2.462 ms - 23056[0m
Moment Timezone has no data for clf. See http://momentjs.com/timezone/docs/#/data-loading/.
[0mGET /owa/ [33m404[0m 1.004 ms - 27[0m
Moment Timezone has no data for clf. See http://momentjs.com/timezone/docs/#/data-loading/.
[0mGET /admin/config.php [33m404[0m 1.961 ms - 27[0m
Moment Timezone has no data for clf. See http://momentjs.com/timezone/docs/#/data-loading/.
[0mGET /actuator/health [33m404[0m 1.217 ms - 27[0m
Moment Timezone has no data for clf. See http://momentjs.com/timezone/docs/#/data-loading/.
[0mGET / [32m200[0m 2.096 ms - 23056[0m
Moment Timezone has no data for clf. See http://momentjs.com/timezone/docs/#/data-loading/.
[0mHEAD / [32m200[0m 2.194 ms - 23056[0m
Moment Timezone has no data for clf. See http://momentjs.com/timezone/docs/#/data-loading/.
[0mGET / [32m200[0m 3.302 ms - 23056[0m
Moment Timezone has no data for clf. See http://momentjs.com/timezone/docs/#/data-loading/.
[0mGET / [32m200[0m 2.005 ms - 23056[0m
Moment Timezone has no data for clf. See http://momentjs.com/timezone/docs/#/data-loading/.
[0mGET / [32m200[0m 3.527 ms - 23056[0m
Moment Timezone has no data for clf. See http://momentjs.com/timezone/docs/#/data-loading/.
[0mGET /robots.txt [33m404[0m 1.727 ms - 27[0m
Moment Timezone has no data for clf. See http://momentjs.com/timezone/docs/#/data-loading/.
[0mGET / [32m200[0m 2.694 ms - 23056[0m
Moment Timezone has no data for clf. See http://momentjs.com/timezone/docs/#/data-loading/.
[0mGET //a2billing/customer/templates/default/footer.tpl [33m404[0m 1.118 ms - 27[0m
Moment Timezone has no data for clf. See http://momentjs.com/timezone/docs/#/data-loading/.
[0mGET / [32m200[0m 3.062 ms - 23056[0m
Moment Timezone has no data for clf. See http://momentjs.com/timezone/docs/#/data-loading/.
[0mGET / [32m200[0m 2.622 ms - 23056[0m
Moment Timezone has no data for clf. See http://momentjs.com/timezone/docs/#/data-loading/.
[0mGET / [32m200[0m 3.046 ms - 23056[0m
Moment Timezone has no data for clf. See http://momentjs.com/timezone/docs/#/data-loading/.
[0mGET /ecp/Current/exporttool/microsoft.exchange.ediscovery.exporttool.application [33m404[0m 1.236 ms - 27[0m
Moment Timezone has no data for clf. See http://momentjs.com/timezone/docs/#/data-loading/.
[0mGET /Telerik.Web.UI.WebResource.axd?type=rau [33m404[0m 1.070 ms - 27[0m
Moment Timezone has no data for clf. See http://momentjs.com/timezone/docs/#/data-loading/.
[0mGET /admin/config.php [33m404[0m 1.174 ms - 27[0m
Moment Timezone has no data for clf. See http://momentjs.com/timezone/docs/#/data-loading/.
[0mGET /remote/login [33m404[0m 1.047 ms - 27[0m
Moment Timezone has no data for clf. See http://momentjs.com/timezone/docs/#/data-loading/.
[0mGET / [32m200[0m 2.665 ms - 23056[0m
Moment Timezone has no data for clf. See http://momentjs.com/timezone/docs/#/data-loading/.
[0mGET / [32m200[0m 2.429 ms - 23056[0m
Moment Timezone has no data for clf. See http://momentjs.com/timezone/docs/#/data-loading/.
[0mGET /adminer.php [33m404[0m 1.044 ms - 27[0m
Moment Timezone has no data for clf. See http://momentjs.com/timezone/docs/#/data-loading/.
[0mGET / [32m200[0m 2.482 ms - 23056[0m
Moment Timezone has no data for clf. See http://momentjs.com/timezone/docs/#/data-loading/.
[0mGET /owa/auth/logon.aspx?url=https%3a%2f%2f1%2fecp%2f [33m404[0m 0.972 ms - 27[0m
Moment Timezone has no data for clf. See http://momentjs.com/timezone/docs/#/data-loading/.
[0mGET / [32m200[0m 3.409 ms - 23056[0m
Moment Timezone has no data for clf. See http://momentjs.com/timezone/docs/#/data-loading/.
[0mGET / [32m200[0m 2.048 ms - 23056[0m
Moment Timezone has no data for clf. See http://momentjs.com/timezone/docs/#/data-loading/.
[0mGET /robots.txt [33m404[0m 1.048 ms - 27[0m
Moment Timezone has no data for clf. See http://momentjs.com/timezone/docs/#/data-loading/.
[0mGET /admin/config.php [33m404[0m 1.181 ms - 27[0m
Moment Timezone has no data for clf. See http://momentjs.com/timezone/docs/#/data-loading/.
[0mGET //a2billing/customer/templates/default/footer.tpl [33m404[0m 1.399 ms - 27[0m
Moment Timezone has no data for clf. See http://momentjs.com/timezone/docs/#/data-loading/.
[0mGET / [32m200[0m 4.348 ms - 23056[0m
Moment Timezone has no data for clf. See http://momentjs.com/timezone/docs/#/data-loading/.
[0mGET / [32m200[0m 2.283 ms - 23056[0m
Moment Timezone has no data for clf. See http://momentjs.com/timezone/docs/#/data-loading/.
[0mGET /robots.txt [33m404[0m 1.103 ms - 27[0m
Moment Timezone has no data for clf. See http://momentjs.com/timezone/docs/#/data-loading/.
[0mGET / [32m200[0m 2.994 ms - 23056[0m
Moment Timezone has no data for clf. See http://momentjs.com/timezone/docs/#/data-loading/.
[0mGET //a2billing/customer/templates/default/footer.tpl [33m404[0m 1.069 ms - 27[0m
Moment Timezone has no data for clf. See http://momentjs.com/timezone/docs/#/data-loading/.
[0mGET / [32m200[0m 2.336 ms - 23056[0m
Moment Timezone has no data for clf. See http://momentjs.com/timezone/docs/#/data-loading/.
[0mGET / [32m200[0m 3.563 ms - 23056[0m
Moment Timezone has no data for clf. See http://momentjs.com/timezone/docs/#/data-loading/.
[0mGET /admin/config.php [33m404[0m 1.103 ms - 27[0m
Moment Timezone has no data for clf. See http://momentjs.com/timezone/docs/#/data-loading/.
[0mGET / [32m200[0m 2.103 ms - 23056[0m
Moment Timezone has no data for clf. See http://momentjs.com/timezone/docs/#/data-loading/.
[0mGET /owa/auth/logon.aspx?url=https%3a%2f%2f1%2fecp%2f [33m404[0m 1.053 ms - 27[0m
Moment Timezone has no data for clf. See http://momentjs.com/timezone/docs/#/data-loading/.
[0mGET / [32m200[0m 3.276 ms - 23056[0m
Moment Timezone has no data for clf. See http://momentjs.com/timezone/docs/#/data-loading/.
[0mGET /favicon.ico [33m404[0m 0.959 ms - 27[0m
Moment Timezone has no data for clf. See http://momentjs.com/timezone/docs/#/data-loading/.
[0mGET /solr/ [33m404[0m 1.122 ms - 27[0m
Moment Timezone has no data for clf. See http://momentjs.com/timezone/docs/#/data-loading/.
[0mGET / [32m200[0m 2.131 ms - 23056[0m
Moment Timezone has no data for clf. See http://momentjs.com/timezone/docs/#/data-loading/.
[0mGET / [32m200[0m 3.055 ms - 23056[0m
Moment Timezone has no data for clf. See http://momentjs.com/timezone/docs/#/data-loading/.
[0mGET /favicon.ico [33m404[0m 0.969 ms - 27[0m
Moment Timezone has no data for clf. See http://momentjs.com/timezone/docs/#/data-loading/.
[0mGET /static/387b12ef4ca404ffd39d84834e1f0776e9e3c005/usr/lib/code-server/dist/serviceWorker.js [33m404[0m 0.806 ms - 27[0m
Moment Timezone has no data for clf. See http://momentjs.com/timezone/docs/#/data-loading/.
[0mGET / [32m200[0m 2.145 ms - 23056[0m
Moment Timezone has no data for clf. See http://momentjs.com/timezone/docs/#/data-loading/.
[0mGET /favicon.ico [33m404[0m 0.943 ms - 27[0m
Moment Timezone has no data for clf. See http://momentjs.com/timezone/docs/#/data-loading/.
[0mGET / [32m200[0m 2.763 ms - 23056[0m
Moment Timezone has no data for clf. See http://momentjs.com/timezone/docs/#/data-loading/.
[0mGET /favicon.ico [33m404[0m 0.908 ms - 27[0m
Moment Timezone has no data for clf. See http://momentjs.com/timezone/docs/#/data-loading/.
[0mGET / [32m200[0m 1.949 ms - 23056[0m
Moment Timezone has no data for clf. See http://momentjs.com/timezone/docs/#/data-loading/.
[0mGET /favicon.ico [33m404[0m 0.874 ms - 27[0m
Moment Timezone has no data for clf. See http://momentjs.com/timezone/docs/#/data-loading/.
[0mHEAD / [32m200[0m 3.478 ms - 23056[0m
Moment Timezone has no data for clf. See http://momentjs.com/timezone/docs/#/data-loading/.
[0mGET / [32m200[0m 2.116 ms - 23056[0m
Moment Timezone has no data for clf. See http://momentjs.com/timezone/docs/#/data-loading/.
[0mGET / [32m200[0m 3.866 ms - 23056[0m
Moment Timezone has no data for clf. See http://momentjs.com/timezone/docs/#/data-loading/.
[0mGET / [32m200[0m 2.134 ms - 23056[0m
Moment Timezone has no data for clf. See http://momentjs.com/timezone/docs/#/data-loading/.
[0mGET / [32m200[0m 2.259 ms - 23056[0m
Moment Timezone has no data for clf. See http://momentjs.com/timezone/docs/#/data-loading/.
[0mGET / [32m200[0m 2.202 ms - 23056[0m
Moment Timezone has no data for clf. See http://momentjs.com/timezone/docs/#/data-loading/.
[0mGET /owa/ [33m404[0m 1.185 ms - 27[0m
Moment Timezone has no data for clf. See http://momentjs.com/timezone/docs/#/data-loading/.
[0mGET / [32m200[0m 2.255 ms - 23056[0m
Moment Timezone has no data for clf. See http://momentjs.com/timezone/docs/#/data-loading/.
[0mGET /admin/config.php [33m404[0m 1.085 ms - 27[0m
Moment Timezone has no data for clf. See http://momentjs.com/timezone/docs/#/data-loading/.
[0mPOST /_ignition/execute-solution [33m405[0m 1.715 ms - 31[0m
Moment Timezone has no data for clf. See http://momentjs.com/timezone/docs/#/data-loading/.
[0mGET //a2billing/customer/templates/default/footer.tpl [33m404[0m 1.095 ms - 27[0m
Moment Timezone has no data for clf. See http://momentjs.com/timezone/docs/#/data-loading/.
[0mGET / [32m200[0m 2.225 ms - 23056[0m
Moment Timezone has no data for clf. See http://momentjs.com/timezone/docs/#/data-loading/.
[0mGET / [32m200[0m 2.286 ms - 23056[0m
Moment Timezone has no data for clf. See http://momentjs.com/timezone/docs/#/data-loading/.
[0mGET /webfig/ [33m404[0m 0.974 ms - 27[0m
Moment Timezone has no data for clf. See http://momentjs.com/timezone/docs/#/data-loading/.
[0mGET / [32m200[0m 2.405 ms - 23056[0m
Moment Timezone has no data for clf. See http://momentjs.com/timezone/docs/#/data-loading/.
[0mGET /ecp/Current/exporttool/microsoft.exchange.ediscovery.exporttool.application [33m404[0m 1.557 ms - 27[0m
Moment Timezone has no data for clf. See http://momentjs.com/timezone/docs/#/data-loading/.
[0mGET / [32m200[0m 2.196 ms - 23056[0m
Moment Timezone has no data for clf. See http://momentjs.com/timezone/docs/#/data-loading/.
[0mGET / [32m200[0m 3.074 ms - 23056[0m
Moment Timezone has no data for clf. See http://momentjs.com/timezone/docs/#/data-loading/.
[0mGET / [32m200[0m 2.013 ms - 23056[0m
Moment Timezone has no data for clf. See http://momentjs.com/timezone/docs/#/data-loading/.
[0mGET / [32m200[0m 3.328 ms - 23056[0m
Moment Timezone has no data for clf. See http://momentjs.com/timezone/docs/#/data-loading/.
[0mGET /robots.txt [33m404[0m 0.944 ms - 27[0m
Moment Timezone has no data for clf. See http://momentjs.com/timezone/docs/#/data-loading/.
[0mGET /sitemap.xml [33m404[0m 0.900 ms - 27[0m
Moment Timezone has no data for clf. See http://momentjs.com/timezone/docs/#/data-loading/.
[0mGET /.well-known/security.txt [33m404[0m 1.169 ms - 27[0m
Moment Timezone has no data for clf. See http://momentjs.com/timezone/docs/#/data-loading/.
[0mGET /favicon.ico [33m404[0m 1.290 ms - 27[0m
Moment Timezone has no data for clf. See http://momentjs.com/timezone/docs/#/data-loading/.
[0mGET / [32m200[0m 1.970 ms - 23056[0m
Moment Timezone has no data for clf. See http://momentjs.com/timezone/docs/#/data-loading/.
[0mGET / [32m200[0m 3.385 ms - 23056[0m
Moment Timezone has no data for clf. See http://momentjs.com/timezone/docs/#/data-loading/.
[0mGET / [32m200[0m 2.044 ms - 23056[0m
Moment Timezone has no data for clf. See http://momentjs.com/timezone/docs/#/data-loading/.
[0mGET /actuator/health [33m404[0m 1.129 ms - 27[0m
Moment Timezone has no data for clf. See http://momentjs.com/timezone/docs/#/data-loading/.
[0mGET / [32m200[0m 3.060 ms - 23056[0m
Moment Timezone has no data for clf. See http://momentjs.com/timezone/docs/#/data-loading/.
[0mGET / [32m200[0m 2.181 ms - 23056[0m
Moment Timezone has no data for clf. See http://momentjs.com/timezone/docs/#/data-loading/.
[0mGET /admin/config.php [33m404[0m 1.063 ms - 27[0m
Moment Timezone has no data for clf. See http://momentjs.com/timezone/docs/#/data-loading/.
[0mGET /owa/auth/logon.aspx?url=https%3a%2f%2f1%2fecp%2f [33m404[0m 1.207 ms - 27[0m
Moment Timezone has no data for clf. See http://momentjs.com/timezone/docs/#/data-loading/.
[0mGET /robots.txt [33m404[0m 1.047 ms - 27[0m
Moment Timezone has no data for clf. See http://momentjs.com/timezone/docs/#/data-loading/.
[0mGET / [32m200[0m 2.601 ms - 23056[0m
Moment Timezone has no data for clf. See http://momentjs.com/timezone/docs/#/data-loading/.
[0mGET / [32m200[0m 2.182 ms - 23056[0m
Moment Timezone has no data for clf. See http://momentjs.com/timezone/docs/#/data-loading/.
[0mGET / [32m200[0m 3.206 ms - 23056[0m
Moment Timezone has no data for clf. See http://momentjs.com/timezone/docs/#/data-loading/.
[0mGET / [32m200[0m 1.972 ms - 23056[0m
Moment Timezone has no data for clf. See http://momentjs.com/timezone/docs/#/data-loading/.
[0mGET //a2billing/customer/templates/default/footer.tpl [33m404[0m 1.121 ms - 27[0m
Moment Timezone has no data for clf. See http://momentjs.com/timezone/docs/#/data-loading/.
[0mGET / [32m200[0m 3.000 ms - 23056[0m
Moment Timezone has no data for clf. See http://momentjs.com/timezone/docs/#/data-loading/.
[0mGET / [32m200[0m 2.281 ms - 23056[0m
Moment Timezone has no data for clf. See http://momentjs.com/timezone/docs/#/data-loading/.
[0mGET / [32m200[0m 3.151 ms - 23056[0m
Moment Timezone has no data for clf. See http://momentjs.com/timezone/docs/#/data-loading/.
[0mGET / [32m200[0m 2.062 ms - 23056[0m
Moment Timezone has no data for clf. See http://momentjs.com/timezone/docs/#/data-loading/.
[0mGET /owa/ [33m404[0m 1.077 ms - 27[0m
Moment Timezone has no data for clf. See http://momentjs.com/timezone/docs/#/data-loading/.
[0mGET / [32m200[0m 3.145 ms - 23056[0m
Moment Timezone has no data for clf. See http://momentjs.com/timezone/docs/#/data-loading/.
[0mGET / [32m200[0m 3.098 ms - 23056[0m
Moment Timezone has no data for clf. See http://momentjs.com/timezone/docs/#/data-loading/.
[0mGET /ReportServer [33m404[0m 1.385 ms - 27[0m
Moment Timezone has no data for clf. See http://momentjs.com/timezone/docs/#/data-loading/.
[0mGET / [32m200[0m 3.898 ms - 23056[0m
Moment Timezone has no data for clf. See http://momentjs.com/timezone/docs/#/data-loading/.
[0mGET /login [32m200[0m 1.186 ms - 16[0m
Moment Timezone has no data for clf. See http://momentjs.com/timezone/docs/#/data-loading/.
[0mGET / [32m200[0m 2.391 ms - 23056[0m
Moment Timezone has no data for clf. See http://momentjs.com/timezone/docs/#/data-loading/.
[0mGET / [32m200[0m 3.376 ms - 23056[0m
Moment Timezone has no data for clf. See http://momentjs.com/timezone/docs/#/data-loading/.
[0mGET /ecp/Current/exporttool/microsoft.exchange.ediscovery.exporttool.application [33m404[0m 1.178 ms - 27[0m
Moment Timezone has no data for clf. See http://momentjs.com/timezone/docs/#/data-loading/.
[0mGET /admin/config.php [33m404[0m 0.964 ms - 27[0m
Moment Timezone has no data for clf. See http://momentjs.com/timezone/docs/#/data-loading/.
[0mGET / [32m200[0m 2.088 ms - 23056[0m
Moment Timezone has no data for clf. See http://momentjs.com/timezone/docs/#/data-loading/.
[0mGET /robots.txt [33m404[0m 1.058 ms - 27[0m
Moment Timezone has no data for clf. See http://momentjs.com/timezone/docs/#/data-loading/.
[0mGET / [32m200[0m 2.923 ms - 23056[0m
Moment Timezone has no data for clf. See http://momentjs.com/timezone/docs/#/data-loading/.
[0mGET / [32m200[0m 2.139 ms - 23056[0m
Moment Timezone has no data for clf. See http://momentjs.com/timezone/docs/#/data-loading/.
[0mGET / [32m200[0m 4.645 ms - 23056[0m
Moment Timezone has no data for clf. See http://momentjs.com/timezone/docs/#/data-loading/.
[0mGET / [32m200[0m 1.923 ms - 23056[0m
Moment Timezone has no data for clf. See http://momentjs.com/timezone/docs/#/data-loading/.
[0mGET /favicon.ico [33m404[0m 0.887 ms - 27[0m
Moment Timezone has no data for clf. See http://momentjs.com/timezone/docs/#/data-loading/.
[0mGET / [32m200[0m 3.442 ms - 23056[0m
Moment Timezone has no data for clf. See http://momentjs.com/timezone/docs/#/data-loading/.
[0mGET / [32m200[0m 2.154 ms - 23056[0m
Moment Timezone has no data for clf. See http://momentjs.com/timezone/docs/#/data-loading/.
[0mGET / [32m200[0m 3.331 ms - 23056[0m
Moment Timezone has no data for clf. See http://momentjs.com/timezone/docs/#/data-loading/.
[0mGET /actuator/health [33m404[0m 1.061 ms - 27[0m
Moment Timezone has no data for clf. See http://momentjs.com/timezone/docs/#/data-loading/.
[0mGET / [32m200[0m 2.021 ms - 23056[0m
Moment Timezone has no data for clf. See http://momentjs.com/timezone/docs/#/data-loading/.
[0mGET /admin/connection/ [33m404[0m 0.946 ms - 27[0m
Moment Timezone has no data for clf. See http://momentjs.com/timezone/docs/#/data-loading/.
[0mGET /favicon.ico [33m404[0m 0.930 ms - 27[0m
Moment Timezone has no data for clf. See http://momentjs.com/timezone/docs/#/data-loading/.
[0mGET / [32m200[0m 3.204 ms - 23056[0m
Moment Timezone has no data for clf. See http://momentjs.com/timezone/docs/#/data-loading/.
[0mGET /owa/auth/logon.aspx?url=https%3a%2f%2f1%2fecp%2f [33m404[0m 1.048 ms - 27[0m
Moment Timezone has no data for clf. See http://momentjs.com/timezone/docs/#/data-loading/.
[0mGET / [32m200[0m 2.336 ms - 23056[0m
Moment Timezone has no data for clf. See http://momentjs.com/timezone/docs/#/data-loading/.
[0mGET / [32m200[0m 3.323 ms - 23056[0m
Moment Timezone has no data for clf. See http://momentjs.com/timezone/docs/#/data-loading/.
[0mGET / [32m200[0m 1.985 ms - 23056[0m
Moment Timezone has no data for clf. See http://momentjs.com/timezone/docs/#/data-loading/.
[0mGET /favicon.ico [33m404[0m 0.890 ms - 27[0m
internal/modules/cjs/loader.js:883
  throw err;
  ^

Error: Cannot find module '/root/Project/Ast/api.py'
    at Function.Module._resolveFilename (internal/modules/cjs/loader.js:880:15)
    at Function.Module._load (internal/modules/cjs/loader.js:725:27)
    at Function.executeUserEntryPoint [as runMain] (internal/modules/run_main.js:72:12)
    at internal/main/run_main_module.js:17:47 {
  code: 'MODULE_NOT_FOUND',
  requireStack: []
}
events.js:292
      throw er; // Unhandled 'error' event
      ^

Error: listen EADDRINUSE: address already in use :::5000
    at Server.setupListenHandle [as _listen2] (net.js:1318:16)
    at listenInCluster (net.js:1366:12)
    at Server.listen (net.js:1452:7)
    at Function.listen (/root/Project/Ast/node_modules/express/lib/application.js:618:24)
    at Object.<anonymous> (/root/Project/Ast/api.js:633:5)
    at Module._compile (internal/modules/cjs/loader.js:1063:30)
    at Object.Module._extensions..js (internal/modules/cjs/loader.js:1092:10)
    at Module.load (internal/modules/cjs/loader.js:928:32)
    at Function.Module._load (internal/modules/cjs/loader.js:769:14)
    at Function.executeUserEntryPoint [as runMain] (internal/modules/run_main.js:72:12)
Emitted 'error' event on Server instance at:
    at emitErrorNT (net.js:1345:8)
    at processTicksAndRejections (internal/process/task_queues.js:80:21) {
  code: 'EADDRINUSE',
  errno: -98,
  syscall: 'listen',
  address: '::',
  port: 5000
}
Moment Timezone has no data for clf. See http://momentjs.com/timezone/docs/#/data-loading/.
[0mGET / [32m200[0m 3.209 ms - 23056[0m
Moment Timezone has no data for clf. See http://momentjs.com/timezone/docs/#/data-loading/.
[0mGET /owa/ [33m404[0m 1.057 ms - 27[0m
Moment Timezone has no data for clf. See http://momentjs.com/timezone/docs/#/data-loading/.
[0mGET //a2billing/customer/templates/default/footer.tpl [33m404[0m 1.129 ms - 27[0m
Moment Timezone has no data for clf. See http://momentjs.com/timezone/docs/#/data-loading/.
[0mGET / [32m200[0m 2.289 ms - 23056[0m
Moment Timezone has no data for clf. See http://momentjs.com/timezone/docs/#/data-loading/.
[0mGET /admin/config.php [33m404[0m 1.108 ms - 27[0m
Moment Timezone has no data for clf. See http://momentjs.com/timezone/docs/#/data-loading/.
[0mGET / [32m200[0m 4.048 ms - 23056[0m
Moment Timezone has no data for clf. See http://momentjs.com/timezone/docs/#/data-loading/.
[0mGET / [32m200[0m 2.335 ms - 23056[0m
Moment Timezone has no data for clf. See http://momentjs.com/timezone/docs/#/data-loading/.
[0mGET / [32m200[0m 3.089 ms - 23056[0m
Moment Timezone has no data for clf. See http://momentjs.com/timezone/docs/#/data-loading/.
[0mGET / [32m200[0m 2.191 ms - 23056[0m
Moment Timezone has no data for clf. See http://momentjs.com/timezone/docs/#/data-loading/.
[0mGET /.env [33m404[0m 1.150 ms - 27[0m
Moment Timezone has no data for clf. See http://momentjs.com/timezone/docs/#/data-loading/.
[0mPOST / [33m405[0m 1.157 ms - 31[0m
Moment Timezone has no data for clf. See http://momentjs.com/timezone/docs/#/data-loading/.
[0mGET / [32m200[0m 3.142 ms - 23056[0m
Moment Timezone has no data for clf. See http://momentjs.com/timezone/docs/#/data-loading/.
[0mGET / [32m200[0m 2.297 ms - 23056[0m
Moment Timezone has no data for clf. See http://momentjs.com/timezone/docs/#/data-loading/.
[0mGET / [32m200[0m 3.990 ms - 23056[0m
Moment Timezone has no data for clf. See http://momentjs.com/timezone/docs/#/data-loading/.
[0mGET /ecp/Current/exporttool/microsoft.exchange.ediscovery.exporttool.application [33m404[0m 1.039 ms - 27[0m
Moment Timezone has no data for clf. See http://momentjs.com/timezone/docs/#/data-loading/.
[0mPOST / [33m405[0m 1.139 ms - 31[0m
Moment Timezone has no data for clf. See http://momentjs.com/timezone/docs/#/data-loading/.
[0mGET /robots.txt [33m404[0m 1.132 ms - 27[0m
Moment Timezone has no data for clf. See http://momentjs.com/timezone/docs/#/data-loading/.
[0mGET / [32m200[0m 1.956 ms - 23056[0m
Moment Timezone has no data for clf. See http://momentjs.com/timezone/docs/#/data-loading/.
[0mGET / [32m200[0m 3.050 ms - 23056[0m
Moment Timezone has no data for clf. See http://momentjs.com/timezone/docs/#/data-loading/.
[0mGET /favicon.ico [33m404[0m 0.876 ms - 27[0m
Moment Timezone has no data for clf. See http://momentjs.com/timezone/docs/#/data-loading/.
[0mGET /favicon.ico [33m404[0m 0.922 ms - 27[0m
Moment Timezone has no data for clf. See http://momentjs.com/timezone/docs/#/data-loading/.
[0mGET / [32m200[0m 2.347 ms - 23056[0m
Moment Timezone has no data for clf. See http://momentjs.com/timezone/docs/#/data-loading/.
[0mGET / [32m200[0m 2.956 ms - 23056[0m
Moment Timezone has no data for clf. See http://momentjs.com/timezone/docs/#/data-loading/.
[0mGET / [32m200[0m 2.271 ms - 23056[0m
Moment Timezone has no data for clf. See http://momentjs.com/timezone/docs/#/data-loading/.
[0mGET / [32m200[0m 3.007 ms - 23056[0m
Moment Timezone has no data for clf. See http://momentjs.com/timezone/docs/#/data-loading/.
[0mGET / [32m200[0m 1.974 ms - 23056[0m
Moment Timezone has no data for clf. See http://momentjs.com/timezone/docs/#/data-loading/.
[0mGET /robots.txt [33m404[0m 1.094 ms - 27[0m
Moment Timezone has no data for clf. See http://momentjs.com/timezone/docs/#/data-loading/.
[0mGET / [32m200[0m 3.291 ms - 23056[0m
Moment Timezone has no data for clf. See http://momentjs.com/timezone/docs/#/data-loading/.
[0mGET /favicon.ico [33m404[0m 1.222 ms - 27[0m
Moment Timezone has no data for clf. See http://momentjs.com/timezone/docs/#/data-loading/.
[0mGET /admin/config.php [33m404[0m 1.000 ms - 27[0m
Moment Timezone has no data for clf. See http://momentjs.com/timezone/docs/#/data-loading/.
[0mGET /actuator/health [33m404[0m 1.171 ms - 27[0m
Moment Timezone has no data for clf. See http://momentjs.com/timezone/docs/#/data-loading/.
[0mGET /owa/auth/logon.aspx?url=https%3a%2f%2f1%2fecp%2f [33m404[0m 1.129 ms - 27[0m
Moment Timezone has no data for clf. See http://momentjs.com/timezone/docs/#/data-loading/.
[0mGET / [32m200[0m 2.644 ms - 23056[0m
Moment Timezone has no data for clf. See http://momentjs.com/timezone/docs/#/data-loading/.
[0mGET / [32m200[0m 3.035 ms - 23056[0m
Moment Timezone has no data for clf. See http://momentjs.com/timezone/docs/#/data-loading/.
[0mGET / [32m200[0m 2.330 ms - 23056[0m
Moment Timezone has no data for clf. See http://momentjs.com/timezone/docs/#/data-loading/.
[0mGET //a2billing/customer/templates/default/footer.tpl [33m404[0m 1.156 ms - 27[0m
Moment Timezone has no data for clf. See http://momentjs.com/timezone/docs/#/data-loading/.
[0mGET / [32m200[0m 3.183 ms - 23056[0m
Moment Timezone has no data for clf. See http://momentjs.com/timezone/docs/#/data-loading/.
[0mGET / [32m200[0m 2.202 ms - 23056[0m
Moment Timezone has no data for clf. See http://momentjs.com/timezone/docs/#/data-loading/.
[0mGET /favicon.ico [33m404[0m 0.968 ms - 27[0m
